Пуск задачи: UPDATESCU.EXE
Пуск задачи: NNTABLE.EXE
Пуск задачи: AADBACK.EXE
Загрузка модуля: Q2ALARM.DLL
Загружен модуль: Q2ALARM.DLL
Пуск задачи: SYSALERTQMGR.EXE
Пуск задачи: ALMSUM.EXE
Загрузка модуля: UDBA.DLL
Загружен модуль: UDBA.DLL
Пуск задачи: WORKSPACE.EXE
Пуск задачи: FIXBACKGROUNDSERVER.EXE
Демо-система iFIX запущена!
Закрытие ДЕМО системы 
Продолжается попытка останова ...
Закрывается WORKSPACE.EXE 
Продолжается попытка останова ...
Продолжается попытка останова ...
Продолжается попытка останова ...
Продолжается попытка останова ...
Продолжается попытка останова ...
Программа iFIX выполняется!
Продолжается попытка останова ...
Закрывается FIXBACKGROUNDSERVER.EXE 
Закрывается ALMSUM.EXE 
Закрывается SYSALERTQMGR.EXE 
Закрывается NNTABLE.EXE 
