Невозможно разрешить символ TAG0 из D:\PROJECT_VU\VU\PIC\STATION289773062.tgd for popup_Magic
Невозможно разрешить символ TAG0 из D:\PROJECT_VU\VU\PIC\STATION289773062.tgd for popup_Magic
Невозможно разрешить символ tag1 из D:\PROJECT_VU\VU\PIC\STATION289773062.tgd for popup_Magic
Невозможно разрешить символ TAG0 из STATION289785359 for popup_Magic
Невозможно разрешить символ TAG0 из STATION289785359 for popup_Magic
Невозможно разрешить символ tag1 из STATION289785359 for popup_Magic
Невозможно разрешить символ TAG0 из STATION289992937 for popup_Magic
Невозможно разрешить символ TAG0 из STATION289992937 for popup_Magic
Невозможно разрешить символ tag1 из STATION289992937 for popup_Magic
Невозможно разрешить символ TAG0 из STATION290080234 for popup_Magic
Невозможно разрешить символ TAG0 из STATION290080234 for popup_Magic
Невозможно разрешить символ tag1 из STATION290080234 for popup_Magic
Невозможно разрешить символ TAG0 из STATION290136437 for popup_Magic
Невозможно разрешить символ TAG0 из STATION290136437 for popup_Magic
Невозможно разрешить символ tag1 из STATION290136437 for popup_Magic
Невозможно разрешить символ TAG0 из D:\PROJECT_VU\VU\PIC\STATION290338968.tgd for popup_Magic
Невозможно разрешить символ TAG0 из D:\PROJECT_VU\VU\PIC\STATION290338968.tgd for popup_Magic
Невозможно разрешить символ tag1 из D:\PROJECT_VU\VU\PIC\STATION290338968.tgd for popup_Magic
Невозможно разрешить символ tag1 из D:\PROJECT_VU\VU\PIC\STATION290534781.tgd for popup_Magic
Невозможно разрешить символ tag1 из D:\PROJECT_VU\VU\PIC\STATION291375546.tgd for popup_Magic
Невозможно разрешить символ tag1 из D:\PROJECT_VU\VU\PIC\STATION352459156.tgd for popup_Magic
Невозможно разрешить символ tag1 из D:\PROJECT_VU\VU\PIC\STATION355219218.tgd for popup_Magic
Невозможно разрешить символ tag1 из D:\PROJECT_VU\VU\PIC\STATION355349093.tgd for popup_Magic
Невозможно разрешить символ tag1 из D:\PROJECT_VU\VU\PIC\STATION358303390.tgd for popup_Magic
Невозможно разрешить символ tag1 из STATION358530421 for popup_Magic
Невозможно разрешить символ tag1 из D:\PROJECT_VU\VU\PIC\STATION359553468.tgd for popup_Magic
Невозможно разрешить символ tag1 из STATION359572390 for popup_Magic
Невозможно разрешить символ tag1 из STATION360017750 for popup_Magic
Невозможно разрешить символ tag1 из STATION360140375 for popup_Magic
Невозможно разрешить символ tag1 из D:\PROJECT_VU\VU\PIC\STATION361843468.tgd for popup_Magic
Невозможно разрешить символ tag1 из STATION362225375 for popup_Magic
Невозможно разрешить символ tag1 из D:\PROJECT_VU\VU\PIC\STATION371404421.tgd for popup_Magic
Невозможно разрешить символ tag1 из D:\PROJECT_VU\VU\PIC\STATION437307640.tgd for popup_Magic
Невозможно разрешить символ tag1 из STATION437441718 for popup_Magic
Невозможно разрешить символ tag1 из STATION438491203 for popup_Magic
Невозможно разрешить символ tag1 из STATION439970875 for popup_Magic
Невозможно разрешить символ tag1 из STATION440410593 for popup_Magic
Невозможно разрешить символ TAG0 из D:\PROJECT_VU\VU\PIC\STATION444910765.tgd for popup_Perehod
Невозможно разрешить символ TAG0 из D:\PROJECT_VU\VU\PIC\STATION444910765.tgd for popup_Perehod
Невозможно разрешить символ TAG0 из D:\PROJECT_VU\VU\PIC\STATION444910765.tgd for popup_Perehod
Невозможно разрешить символ TAG0 из D:\PROJECT_VU\VU\PIC\STATION444910765.tgd for popup_Perehod
Невозможно разрешить символ TAG0 из D:\PROJECT_VU\VU\PIC\STATION444910765.tgd for popup_Perehod
Невозможно разрешить символ TAG0 из D:\PROJECT_VU\VU\PIC\STATION444910765.tgd for popup_Perehod
Невозможно разрешить символ TAG0 из D:\PROJECT_VU\VU\PIC\STATION444910765.tgd for popup_Perehod
Невозможно разрешить символ TAG0 из D:\PROJECT_VU\VU\PIC\STATION444910765.tgd for popup_Perehod
Невозможно разрешить символ TAG0 из D:\PROJECT_VU\VU\PIC\STATION444910765.tgd for popup_Perehod
Невозможно разрешить символ TAG0 из D:\PROJECT_VU\VU\PIC\STATION444910765.tgd for popup_Perehod
Невозможно разрешить символ TAG0 из D:\PROJECT_VU\VU\PIC\STATION444910765.tgd for popup_Perehod
Невозможно разрешить символ TAG0 из D:\PROJECT_VU\VU\PIC\STATION444910765.tgd for popup_Perehod
Невозможно разрешить символ TAG0 из D:\PROJECT_VU\VU\PIC\STATION444910765.tgd for popup_Perehod
Невозможно разрешить символ TAG0 из D:\PROJECT_VU\VU\PIC\STATION444910765.tgd for popup_Perehod
Невозможно разрешить символ TAG0 из D:\PROJECT_VU\VU\PIC\STATION444910765.tgd for popup_Perehod
Невозможно разрешить символ TAG0 из D:\PROJECT_VU\VU\PIC\STATION444910765.tgd for popup_Perehod
Невозможно разрешить символ TAG0 из D:\PROJECT_VU\VU\PIC\STATION444910765.tgd for popup_Perehod
Невозможно разрешить символ TAG0 из D:\PROJECT_VU\VU\PIC\STATION444910765.tgd for popup_Perehod
Невозможно разрешить символ TAG0 из D:\PROJECT_VU\VU\PIC\STATION444910765.tgd for popup_Perehod
Невозможно разрешить символ TAG0 из D:\PROJECT_VU\VU\PIC\STATION444910765.tgd for popup_Perehod
Невозможно разрешить символ TAG0 из D:\PROJECT_VU\VU\PIC\STATION444910765.tgd for popup_Perehod
Невозможно разрешить символ TAG0 из D:\PROJECT_VU\VU\PIC\STATION444910765.tgd for popup_Perehod
Невозможно разрешить символ TAG0 из D:\PROJECT_VU\VU\PIC\STATION444910765.tgd for popup_Perehod
Невозможно разрешить символ TAG0 из D:\PROJECT_VU\VU\PIC\STATION444910765.tgd for popup_Perehod
Невозможно разрешить символ TAG0 из D:\PROJECT_VU\VU\PIC\STATION444910765.tgd for popup_Perehod
Невозможно разрешить символ TAG0 из D:\PROJECT_VU\VU\PIC\STATION444910765.tgd for popup_Perehod
Невозможно разрешить символ TAG0 из STATION445261843 for popup_Perehod
Невозможно разрешить символ TAG0 из STATION445261843 for popup_Perehod
Невозможно разрешить символ TAG0 из STATION445261843 for popup_Perehod
Невозможно разрешить символ TAG0 из STATION445261843 for popup_Perehod
Невозможно разрешить символ TAG0 из STATION445261843 for popup_Perehod
Невозможно разрешить символ TAG0 из STATION445261843 for popup_Perehod
Невозможно разрешить символ TAG0 из STATION445261843 for popup_Perehod
Невозможно разрешить символ TAG0 из STATION445261843 for popup_Perehod
Невозможно разрешить символ TAG0 из STATION445261843 for popup_Perehod
Невозможно разрешить символ TAG0 из STATION445261843 for popup_Perehod
Невозможно разрешить символ TAG0 из STATION445261843 for popup_Perehod
Невозможно разрешить символ TAG0 из STATION445261843 for popup_Perehod
Невозможно разрешить символ TAG0 из STATION445261843 for popup_Perehod
Невозможно разрешить символ TAG0 из STATION445261843 for popup_Perehod
Невозможно разрешить символ TAG0 из STATION445261843 for popup_Perehod
Невозможно разрешить символ TAG0 из STATION445261843 for popup_Perehod
Невозможно разрешить символ TAG0 из STATION445261843 for popup_Perehod
Невозможно разрешить символ TAG0 из STATION445261843 for popup_Perehod
Невозможно разрешить символ TAG0 из STATION445261843 for popup_Perehod
Невозможно разрешить символ TAG0 из STATION445261843 for popup_Perehod
Невозможно разрешить символ TAG0 из STATION445261843 for popup_Perehod
Невозможно разрешить символ TAG0 из STATION445261843 for popup_Perehod
Невозможно разрешить символ TAG0 из STATION445261843 for popup_Perehod
Невозможно разрешить символ TAG0 из STATION445261843 for popup_Perehod
Невозможно разрешить символ TAG0 из STATION445261843 for popup_Perehod
Невозможно разрешить символ TAG0 из STATION445261843 for popup_Perehod
Невозможно разрешить символ tag1 из D:\PROJECT_VU\VU\PIC\STATION460113421.tgd for popup_Magic
Невозможно разрешить символ tag1 из STATION460356281 for popup_Magic
Невозможно разрешить символ tag1 из STATION460652984 for popup_Magic
Невозможно разрешить символ tag1 из STATION460661781 for popup_Magic
Невозможно разрешить символ tag1 из STATION460684578 for popup_Magic
Невозможно разрешить символ tag1 из D:\PROJECT_VU\VU\PIC\STATION463894109.tgd for popup_Magic
Невозможно разрешить символ TAG0 из D:\PROJECT_VU\VU\PIC\STATION463900890.tgd for popup_Perehod
Невозможно разрешить символ TAG0 из D:\PROJECT_VU\VU\PIC\STATION463900890.tgd for popup_Perehod
Невозможно разрешить символ TAG0 из D:\PROJECT_VU\VU\PIC\STATION463900890.tgd for popup_Perehod
Невозможно разрешить символ TAG0 из D:\PROJECT_VU\VU\PIC\STATION463900890.tgd for popup_Perehod
Невозможно разрешить символ TAG0 из STATION463948468 for popup_Perehod
Невозможно разрешить символ TAG0 из STATION463948468 for popup_Perehod
Невозможно разрешить символ TAG0 из STATION463948468 for popup_Perehod
Невозможно разрешить символ TAG0 из STATION463948468 for popup_Perehod
Невозможно разрешить символ TAG0 из STATION464000218 for popup_Perehod
Невозможно разрешить символ TAG0 из STATION464000218 for popup_Perehod
Невозможно разрешить символ TAG0 из STATION464000218 for popup_Perehod
Невозможно разрешить символ TAG0 из STATION464000218 for popup_Perehod
Невозможно разрешить символ TAG0 из STATION464064250 for popup_Perehod
Невозможно разрешить символ TAG0 из STATION464064250 for popup_Perehod
Невозможно разрешить символ TAG0 из STATION464064250 for popup_Perehod
Невозможно разрешить символ TAG0 из STATION464064250 for popup_Perehod
Невозможно разрешить символ TAG0 из STATION464091437 for popup_Perehod
Невозможно разрешить символ TAG0 из STATION464091437 for popup_Perehod
Невозможно разрешить символ TAG0 из STATION464091437 for popup_Perehod
Невозможно разрешить символ TAG0 из STATION464091437 for popup_Perehod
Невозможно разрешить символ TAG0 из STATION464116296 for popup_Perehod
Невозможно разрешить символ TAG0 из STATION464116296 for popup_Perehod
Невозможно разрешить символ TAG0 из STATION464116296 for popup_Perehod
Невозможно разрешить символ TAG0 из STATION464116296 for popup_Perehod
Невозможно разрешить символ TAG0 из STATION464122781 for popup_Perehod
Невозможно разрешить символ TAG0 из STATION464122781 for popup_Perehod
Невозможно разрешить символ TAG0 из STATION464122781 for popup_Perehod
Невозможно разрешить символ TAG0 из STATION464122781 for popup_Perehod
Невозможно разрешить символ TAG0 из STATION464157937 for popup_Perehod
Невозможно разрешить символ TAG0 из STATION464157937 for popup_Perehod
Невозможно разрешить символ TAG0 из STATION464157937 for popup_Perehod
Невозможно разрешить символ TAG0 из STATION464157937 for popup_Perehod
Невозможно разрешить символ TAG0 из STATION464676437 for popup_Perehod
Невозможно разрешить символ TAG0 из STATION464676437 for popup_Perehod
Невозможно разрешить символ TAG0 из STATION464676437 for popup_Perehod
Невозможно разрешить символ TAG0 из STATION464676437 for popup_Perehod
Невозможно разрешить символ tag1 из D:\PROJECT_VU\VU\PIC\STATION22691312.tgd for popup_Magic
Невозможно разрешить символ tag1 из STATION22704984 for popup_Magic
Невозможно разрешить символ tag1 из D:\PROJECT_VU\VU\PIC\STATION22956703.tgd for popup_Magic
Невозможно разрешить символ tag1 из D:\PROJECT_VU\VU\PIC\STATION30984828.tgd for popup_Magic
Невозможно разрешить символ tag1 из STATION31124093 for popup_Magic
Невозможно разрешить символ tag1 из STATION31206234 for popup_Magic
Невозможно разрешить символ tag1 из D:\PROJECT_VU\VU\PIC\STATION33311593.tgd for popup_Magic
Невозможно разрешить символ tag1 из D:\PROJECT_VU\VU\PIC\STATION17131390.tgd for popup_Magic
Невозможно разрешить символ tag1 из STATION17224859 for popup_Magic
Невозможно разрешить символ tag1 из D:\PROJECT_VU\VU\PIC\STATION22480718.tgd for popup_Magic
Невозможно разрешить символ tag1 из STATION26466593 for popup_Magic
Невозможно разрешить символ tag1 из D:\PROJECT_VU\VU\PIC\STATION30147453.tgd for popup_Magic
Невозможно разрешить символ tag1 из STATION30212437 for popup_Magic
Невозможно разрешить символ tag1 из STATION31280421 for popup_Magic
Невозможно разрешить символ tag1 из STATION32254250 for popup_Magic
Невозможно разрешить символ tag1 из STATION32380750 for popup_Magic
Невозможно разрешить символ tag1 из STATION32819359 for popup_Magic
Невозможно разрешить символ tag1 из STATION34912828 for popup_Magic
Невозможно разрешить символ tag1 из D:\PROJECT_VU\VU\PIC\STATION40890984.tgd for popup_Magic
Невозможно разрешить символ tag1 из STATION41072000 for popup_Magic
Невозможно разрешить символ tag1 из D:\PROJECT_VU\VU\PIC\STATION88026781.tgd for popup_Magic
Невозможно разрешить символ tag1 из D:\PROJECT_VU\VU\PIC\STATION99685843.tgd for popup_Magic
Невозможно разрешить символ tag1 из D:\PROJECT_VU\VU\PIC\STATION101003859.tgd for popup_Magic
Невозможно разрешить символ tag1 из STATION101411531 for popup_Magic
Невозможно разрешить символ tag1 из D:\PROJECT_VU\VU\PIC\STATION103143468.tgd for popup_Magic
Невозможно разрешить символ tag1 из STATION110798593 for popup_Magic
Невозможно разрешить символ tag1 из D:\PROJECT_VU\VU\PIC\STATION179658656.tgd for popup_Magic
Невозможно разрешить символ tag1 из D:\PROJECT_VU\VU\PIC\STATION265808562.tgd for popup_Magic
Невозможно разрешить символ tag1 из STATION265960390 for popup_Magic
Невозможно разрешить символ tag1 из STATION267286437 for popup_Magic
Невозможно разрешить символ tag1 из STATION268297890 for popup_Magic
Невозможно разрешить символ tag1 из STATION268376625 for popup_Magic
Невозможно разрешить символ tag1 из STATION269176953 for popup_Magic
Невозможно разрешить символ tag1 из STATION273645093 for popup_Magic
Невозможно разрешить символ tag1 из D:\PROJECT_VU\VU\PIC\STATION275786484.tgd for popup_Magic
Невозможно разрешить символ tag1 из D:\PROJECT_VU\VU\PIC\STATION277446750.tgd for popup_Magic
Невозможно разрешить символ tag1 из D:\PROJECT_VU\VU\PIC\STATION6894578.tgd for popup_Magic
Невозможно разрешить символ tag1 из D:\PROJECT_VU\VU\PIC\STATION7825171.tgd for popup_Magic
Невозможно разрешить символ tag1 из D:\PROJECT_VU\VU\PIC\STATION116444671.tgd for popup_Magic
Невозможно разрешить символ tag1 из D:\PROJECT_VU\VU\PIC\STATION37703093.tgd for popup_Magic
Невозможно разрешить символ tag1 из D:\PROJECT_VU\VU\PIC\STATION94165921.tgd for popup_Magic
Невозможно разрешить символ tag1 из STATION94332656 for popup_Magic
Невозможно разрешить символ tag1 из D:\PROJECT_VU\VU\PIC\STATION107072078.tgd for popup_Magic
Невозможно разрешить символ tag1 из D:\PROJECT_VU\VU\PIC\STATION126162890.tgd for popup_Magic
Невозможно разрешить символ tag1 из D:\PROJECT_VU\VU\PIC\STATION24545296.tgd for popup_Magic
Невозможно разрешить символ tag1 из STATION24577187 for popup_Magic
Невозможно разрешить символ tag1 из D:\PROJECT_VU\VU\PIC\STATION25997078.tgd for popup_Magic
Невозможно разрешить символ tag1 из D:\PROJECT_VU\VU\PIC\STATION27870296.tgd for popup_Magic
Невозможно разрешить символ tag1 из D:\PROJECT_VU\VU\PIC\STATION91976968.tgd for popup_Magic
Невозможно разрешить символ tag1 из STATION92002140 for popup_Magic
Невозможно разрешить символ tag1 из D:\PROJECT_VU\VU\PIC\STATION97290062.tgd for popup_Magic
Невозможно разрешить символ tag1 из D:\PROJECT_VU\VU\PIC\STATION60649968.tgd for popup_Magic
Невозможно разрешить символ tag1 из STATION61283406 for popup_Magic
Невозможно разрешить символ tag1 из D:\PROJECT_VU\VU\PIC\STATION153953250.tgd for popup_Magic
Невозможно разрешить символ tag1 из D:\PROJECT_VU\VU\PIC\STATION409834671.tgd for popup_Magic
Невозможно разрешить символ tag1 из STATION410032062 for popup_Magic
Невозможно разрешить символ tag1 из STATION410104171 for popup_Magic
Невозможно разрешить символ tag1 из STATION410197828 for popup_Magic
Невозможно разрешить символ tag1 из D:\PROJECT_VU\VU\PIC\STATION504649750.tgd for popup_Magic
Невозможно разрешить символ tag1 из D:\PROJECT_VU\VU\PIC\STATION3334656.tgd for popup_Magic
Невозможно разрешить символ tag1 из D:\PROJECT_VU\VU\PIC\STATION66940484.tgd for popup_Magic
Невозможно разрешить символ tag1 из D:\PROJECT_VU\VU\PIC\STATION68326359.tgd for popup_Magic
Невозможно разрешить символ tag1 из D:\PROJECT_VU\VU\PIC\STATION79335484.tgd for popup_Magic
Невозможно разрешить символ tag1 из D:\PROJECT_VU\VU\PIC\STATION81104468.tgd for popup_Magic
Невозможно разрешить символ tag1 из STATION81146171 for popup_Magic
Невозможно разрешить символ tag1 из STATION81450093 for popup_Magic
Невозможно разрешить символ tag1 из STATION81664796 for popup_Magic
Невозможно разрешить символ tag1 из STATION81728578 for popup_Magic
Невозможно разрешить символ tag1 из D:\PROJECT_VU\VU\PIC\STATION7496125.tgd for popup_Magic
Невозможно разрешить символ tag1 из STATION7511125 for popup_Magic
Невозможно разрешить символ tag1 из D:\PROJECT_VU\VU\PIC\STATION11678562.tgd for popup_Magic
Невозможно разрешить символ tag1 из D:\PROJECT_VU\VU\PIC\STATION18009859.tgd for popup_Magic
Невозможно разрешить символ tag1 из D:\PROJECT_VU\VU\PIC\STATION61948921.tgd for popup_Magic
Невозможно разрешить символ tag1 из D:\PROJECT_VU\VU\PIC\STATION78267484.tgd for popup_Magic
Невозможно разрешить символ tag1 из D:\PROJECT_VU\VU\PIC\STATION80414078.tgd for popup_Magic
Невозможно разрешить символ tag1 из D:\PROJECT_VU\VU\PIC\STATION80463359.tgd for popup_Magic
Невозможно разрешить символ tag1 из D:\PROJECT_VU\VU\PIC\STATION80493656.tgd for popup_Magic
Невозможно разрешить символ tag1 из D:\PROJECT_VU\VU\PIC\STATION81392390.tgd for popup_Magic
Невозможно разрешить символ tag1 из D:\PROJECT_VU\VU\PIC\STATION81406109.tgd for popup_Magic
Невозможно разрешить символ tag1 из D:\PROJECT_VU\VU\PIC\STATION81770640.tgd for popup_Magic
Невозможно разрешить символ tag1 из D:\PROJECT_VU\VU\PIC\STATION299000.tgd for popup_Magic
Невозможно разрешить символ tag1 из D:\PROJECT_VU\VU\PIC\STATION62753328.tgd for popup_Magic
Невозможно разрешить символ tag1 из D:\PROJECT_VU\VU\PIC\STATION83799203.tgd for popup_Magic
Невозможно разрешить символ tag1 из D:\PROJECT_VU\VU\PIC\STATION966921.tgd for popup_Magic
Невозможно разрешить символ tag1 из D:\PROJECT_VU\VU\PIC\STATION1518812.tgd for popup_Magic
Невозможно разрешить символ tag1 из D:\PROJECT_VU\VU\PIC\STATION1656515.tgd for popup_Magic
Невозможно разрешить символ tag1 из D:\PROJECT_VU\VU\PIC\STATION58163156.tgd for popup_Magic
Невозможно разрешить символ tag1 из D:\PROJECT_VU\VU\PIC\STATION68695093.tgd for popup_Magic
Невозможно разрешить символ tag1 из D:\PROJECT_VU\VU\PIC\STATION3551000.tgd for popup_Magic
Невозможно разрешить символ tag1 из D:\PROJECT_VU\VU\PIC\STATION5494968.tgd for popup_Magic
Невозможно разрешить символ tag1 из D:\PROJECT_VU\VU\PIC\STATION5679218.tgd for popup_Magic
Невозможно разрешить символ tag1 из D:\PROJECT_VU\VU\PIC\STATION82871375.tgd for popup_Magic
Невозможно разрешить символ tag1 из D:\PROJECT_VU\VU\PIC\STATION82881218.tgd for popup_Magic
Невозможно разрешить символ tag1 из D:\PROJECT_VU\VU\PIC\STATION549250.tgd for popup_Magic
Невозможно разрешить символ tag1 из D:\PROJECT_VU\VU\PIC\STATION66484625.tgd for popup_Magic
Невозможно разрешить символ tag1 из STATION66537109 for popup_Magic
Невозможно разрешить символ tag1 из D:\PROJECT_VU\VU\PIC\STATION67456031.tgd for popup_Magic
Невозможно разрешить символ tag1 из D:\PROJECT_VU\VU\PIC\STATION67670843.tgd for popup_Magic
Невозможно разрешить символ tag1 из D:\PROJECT_VU\VU\PIC\STATION69844421.tgd for popup_Magic
Невозможно разрешить символ tag1 из D:\PROJECT_VU\VU\PIC\STATION70659218.tgd for popup_Magic
Невозможно разрешить символ tag1 из D:\PROJECT_VU\VU\PIC\STATION71077937.tgd for popup_Magic
Невозможно разрешить символ tag1 из D:\PROJECT_VU\VU\PIC\STATION71328578.tgd for popup_Magic
Невозможно разрешить символ tag1 из D:\PROJECT_VU\VU\PIC\STATION71430984.tgd for popup_Magic
Невозможно разрешить символ tag1 из D:\PROJECT_VU\VU\PIC\STATION71628453.tgd for popup_Magic
Невозможно разрешить символ tag1 из D:\PROJECT_VU\VU\PIC\STATION71704421.tgd for popup_Magic
Невозможно разрешить символ tag1 из D:\PROJECT_VU\VU\PIC\STATION71742968.tgd for popup_Magic
Невозможно разрешить символ tag1 из D:\PROJECT_VU\VU\PIC\STATION137628734.tgd for popup_Magic
Невозможно разрешить символ tag1 из D:\PROJECT_VU\VU\PIC\STATION139329171.tgd for popup_Magic
Невозможно разрешить символ tag1 из D:\PROJECT_VU\VU\PIC\STATION139383625.tgd for popup_Magic
Невозможно разрешить символ tag1 из D:\PROJECT_VU\VU\PIC\STATION139848984.tgd for popup_Magic
Невозможно разрешить символ tag1 из D:\PROJECT_VU\VU\PIC\STATION140096812.tgd for popup_Magic
Невозможно разрешить символ tag1 из D:\PROJECT_VU\VU\PIC\STATION140143078.tgd for popup_Magic
Невозможно разрешить символ tag1 из D:\PROJECT_VU\VU\PIC\STATION140289781.tgd for popup_Magic
Невозможно разрешить символ tag1 из D:\PROJECT_VU\VU\PIC\STATION140352656.tgd for popup_Magic
Невозможно разрешить символ tag1 из D:\PROJECT_VU\VU\PIC\STATION140866984.tgd for popup_Magic
Невозможно разрешить символ tag1 из D:\PROJECT_VU\VU\PIC\STATION140910234.tgd for popup_Magic
Невозможно разрешить символ tag1 из D:\PROJECT_VU\VU\PIC\STATION141301375.tgd for popup_Magic
Невозможно разрешить символ tag1 из D:\PROJECT_VU\VU\PIC\STATION141458562.tgd for popup_Magic
Невозможно разрешить символ tag1 из D:\PROJECT_VU\VU\PIC\STATION141559781.tgd for popup_Magic
Невозможно разрешить символ tag1 из D:\PROJECT_VU\VU\PIC\STATION141721828.tgd for popup_Magic
Невозможно разрешить символ tag1 из STATION141730609 for popup_Magic
Невозможно разрешить символ tag1 из D:\PROJECT_VU\VU\PIC\STATION141778859.tgd for popup_Magic
Невозможно разрешить символ tag1 из D:\PROJECT_VU\VU\PIC\STATION141867093.tgd for popup_Magic
Невозможно разрешить символ tag1 из D:\PROJECT_VU\VU\PIC\STATION141875671.tgd for popup_Magic
Невозможно разрешить символ tag1 из D:\PROJECT_VU\VU\PIC\STATION141921265.tgd for popup_Magic
Невозможно разрешить символ tag1 из D:\PROJECT_VU\VU\PIC\STATION142001046.tgd for popup_Magic
Невозможно разрешить символ tag1 из D:\PROJECT_VU\VU\PIC\STATION142049265.tgd for popup_Magic
Невозможно разрешить символ tag1 из D:\PROJECT_VU\VU\PIC\STATION142134531.tgd for popup_Magic
Невозможно разрешить символ tag1 из D:\PROJECT_VU\VU\PIC\STATION142185640.tgd for popup_Magic
Невозможно разрешить символ tag1 из D:\PROJECT_VU\VU\PIC\STATION142195859.tgd for popup_Magic
Невозможно разрешить символ tag1 из D:\PROJECT_VU\VU\PIC\STATION142239718.tgd for popup_Magic
Невозможно разрешить символ tag1 из D:\PROJECT_VU\VU\PIC\STATION142383296.tgd for popup_Magic
Невозможно разрешить символ tag1 из D:\PROJECT_VU\VU\PIC\STATION142401609.tgd for popup_Magic
Невозможно разрешить символ tag1 из D:\PROJECT_VU\VU\PIC\STATION142444781.tgd for popup_Magic
Невозможно разрешить символ tag1 из D:\PROJECT_VU\VU\PIC\STATION142497796.tgd for popup_Magic
Невозможно разрешить символ tag1 из D:\PROJECT_VU\VU\PIC\STATION142540890.tgd for popup_Magic
Невозможно разрешить символ tag1 из D:\PROJECT_VU\VU\PIC\STATION144055984.tgd for popup_Magic
Невозможно разрешить символ tag1 из D:\PROJECT_VU\VU\PIC\STATION144135140.tgd for popup_Magic
Невозможно разрешить символ tag1 из D:\PROJECT_VU\VU\PIC\STATION144143625.tgd for popup_Magic
Невозможно разрешить символ tag1 из D:\PROJECT_VU\VU\PIC\STATION144357234.tgd for popup_Magic
Невозможно разрешить символ tag1 из D:\PROJECT_VU\VU\PIC\STATION144461843.tgd for popup_Magic
Невозможно разрешить символ tag1 из D:\PROJECT_VU\VU\PIC\STATION144616937.tgd for popup_Magic
Невозможно разрешить символ tag1 из D:\PROJECT_VU\VU\PIC\STATION144679000.tgd for popup_Magic
Невозможно разрешить символ tag1 из D:\PROJECT_VU\VU\PIC\STATION144719265.tgd for popup_Magic
Невозможно разрешить символ tag1 из D:\PROJECT_VU\VU\PIC\STATION144923171.tgd for popup_Magic
Невозможно разрешить символ tag1 из D:\PROJECT_VU\VU\PIC\STATION144969875.tgd for popup_Magic
Невозможно разрешить символ tag1 из D:\PROJECT_VU\VU\PIC\STATION145056687.tgd for popup_Magic
Невозможно разрешить символ tag1 из D:\PROJECT_VU\VU\PIC\STATION145500250.tgd for popup_Magic
Невозможно разрешить символ tag1 из D:\PROJECT_VU\VU\PIC\STATION145697390.tgd for popup_Magic
Невозможно разрешить символ tag1 из D:\PROJECT_VU\VU\PIC\STATION145749656.tgd for popup_Magic
Невозможно разрешить символ tag1 из D:\PROJECT_VU\VU\PIC\STATION145807734.tgd for popup_Magic
Невозможно разрешить символ tag1 из D:\PROJECT_VU\VU\PIC\STATION145857593.tgd for popup_Magic
Невозможно разрешить символ tag1 из D:\PROJECT_VU\VU\PIC\STATION145986812.tgd for popup_Magic
Невозможно разрешить символ tag1 из D:\PROJECT_VU\VU\PIC\STATION146109156.tgd for popup_Magic
Невозможно разрешить символ tag1 из D:\PROJECT_VU\VU\PIC\STATION146168734.tgd for popup_Magic
Невозможно разрешить символ tag1 из D:\PROJECT_VU\VU\PIC\STATION146274640.tgd for popup_Magic
Невозможно разрешить символ tag1 из D:\PROJECT_VU\VU\PIC\STATION146327140.tgd for popup_Magic
Невозможно разрешить символ tag1 из D:\PROJECT_VU\VU\PIC\STATION146895625.tgd for popup_Magic
Невозможно разрешить символ tag1 из D:\PROJECT_VU\VU\PIC\STATION147017375.tgd for popup_Magic
Невозможно разрешить символ tag1 из D:\PROJECT_VU\VU\PIC\STATION147125031.tgd for popup_Magic
Невозможно разрешить символ tag1 из D:\PROJECT_VU\VU\PIC\STATION147213140.tgd for popup_Magic
Невозможно разрешить символ tag1 из D:\PROJECT_VU\VU\PIC\STATION147322906.tgd for popup_Magic
Невозможно разрешить символ tag1 из D:\PROJECT_VU\VU\PIC\STATION147390562.tgd for popup_Magic
Невозможно разрешить символ tag1 из D:\PROJECT_VU\VU\PIC\STATION147538359.tgd for popup_Magic
Невозможно разрешить символ tag1 из D:\PROJECT_VU\VU\PIC\STATION147855234.tgd for popup_Magic
Невозможно разрешить символ tag1 из D:\PROJECT_VU\VU\PIC\STATION148000765.tgd for popup_Magic
Невозможно разрешить символ tag1 из D:\PROJECT_VU\VU\PIC\STATION148100984.tgd for popup_Magic
Невозможно разрешить символ tag1 из D:\PROJECT_VU\VU\PIC\STATION148152968.tgd for popup_Magic
Невозможно разрешить символ tag1 из D:\PROJECT_VU\VU\PIC\STATION148228843.tgd for popup_Magic
Невозможно разрешить символ tag1 из D:\PROJECT_VU\VU\PIC\STATION148359000.tgd for popup_Magic
Невозможно разрешить символ tag1 из D:\PROJECT_VU\VU\PIC\STATION148450031.tgd for popup_Magic
Невозможно разрешить символ tag1 из D:\PROJECT_VU\VU\PIC\STATION148541609.tgd for popup_Magic
Невозможно разрешить символ tag1 из D:\PROJECT_VU\VU\PIC\STATION148627859.tgd for popup_Magic
Невозможно разрешить символ tag1 из D:\PROJECT_VU\VU\PIC\STATION148710765.tgd for popup_Magic
Невозможно разрешить символ tag1 из D:\PROJECT_VU\VU\PIC\STATION148814875.tgd for popup_Magic
Невозможно разрешить символ tag1 из D:\PROJECT_VU\VU\PIC\STATION148829968.tgd for popup_Magic
Невозможно разрешить символ tag1 из D:\PROJECT_VU\VU\PIC\STATION149222031.tgd for popup_Magic
Невозможно разрешить символ tag1 из D:\PROJECT_VU\VU\PIC\STATION149504312.tgd for popup_Magic
Невозможно разрешить символ tag1 из D:\PROJECT_VU\VU\PIC\STATION149753109.tgd for popup_Magic
Невозможно разрешить символ tag1 из D:\PROJECT_VU\VU\PIC\STATION150372921.tgd for popup_Magic
Невозможно разрешить символ tag1 из D:\PROJECT_VU\VU\PIC\STATION150470203.tgd for popup_Magic
Невозможно разрешить символ tag1 из D:\PROJECT_VU\VU\PIC\STATION151412125.tgd for popup_Magic
Невозможно разрешить символ tag1 из D:\PROJECT_VU\VU\PIC\STATION151484484.tgd for popup_Magic
Невозможно разрешить символ tag1 из D:\PROJECT_VU\VU\PIC\STATION151626187.tgd for popup_Magic
Невозможно разрешить символ tag1 из D:\PROJECT_VU\VU\PIC\STATION153099171.tgd for popup_Magic
Невозможно разрешить символ tag1 из D:\PROJECT_VU\VU\PIC\STATION153151312.tgd for popup_Magic
Невозможно разрешить символ tag1 из D:\PROJECT_VU\VU\PIC\STATION153414812.tgd for popup_Magic
Невозможно разрешить символ tag1 из STATION153482062 for popup_Magic
Невозможно разрешить символ tag1 из D:\PROJECT_VU\VU\PIC\STATION153534062.tgd for popup_Magic
Невозможно разрешить символ tag1 из D:\PROJECT_VU\VU\PIC\STATION153591546.tgd for popup_Magic
Невозможно разрешить символ tag1 из D:\PROJECT_VU\VU\PIC\STATION153773546.tgd for popup_Magic
Невозможно разрешить символ tag1 из D:\PROJECT_VU\VU\PIC\STATION153818328.tgd for popup_Magic
Невозможно разрешить символ tag1 из D:\PROJECT_VU\VU\PIC\STATION153963000.tgd for popup_Magic
Невозможно разрешить символ tag1 из D:\PROJECT_VU\VU\PIC\STATION154025890.tgd for popup_Magic
Невозможно разрешить символ tag1 из D:\PROJECT_VU\VU\PIC\STATION155448484.tgd for popup_Magic
Невозможно разрешить символ tag1 из D:\PROJECT_VU\VU\PIC\STATION155587546.tgd for popup_Magic
Невозможно разрешить символ tag1 из D:\PROJECT_VU\VU\PIC\STATION2641468.tgd for popup_Magic
Невозможно разрешить символ tag1 из D:\PROJECT_VU\VU\PIC\STATION2683906.tgd for popup_Magic
Невозможно разрешить символ tag1 из D:\PROJECT_VU\VU\PIC\STATION76880593.tgd for popup_Magic
Невозможно разрешить символ tag1 из D:\PROJECT_VU\VU\PIC\STATION88270250.tgd for popup_Magic
Невозможно разрешить символ tag1 из D:\PROJECT_VU\VU\PIC\STATION92055656.tgd for popup_Magic
Невозможно разрешить символ tag1 из D:\PROJECT_VU\VU\PIC\STATION92090046.tgd for popup_Magic
Невозможно разрешить символ tag1 из D:\PROJECT_VU\VU\PIC\STATION92117015.tgd for popup_Magic
Невозможно разрешить символ tag1 из D:\PROJECT_VU\VU\PIC\STATION92320031.tgd for popup_Magic
Невозможно разрешить символ tag1 из D:\PROJECT_VU\VU\PIC\STATION92337562.tgd for popup_Magic
Невозможно разрешить символ tag1 из D:\PROJECT_VU\VU\PIC\STATION93355781.tgd for popup_Magic
Невозможно разрешить символ tag1 из D:\PROJECT_VU\VU\PIC\STATION93509406.tgd for popup_Magic
Невозможно разрешить символ tag1 из D:\PROJECT_VU\VU\PIC\STATION98380375.tgd for popup_Magic
Невозможно разрешить символ tag1 из D:\PROJECT_VU\VU\PIC\STATION108625437.tgd for popup_Magic
Невозможно разрешить символ tag1 из D:\PROJECT_VU\VU\PIC\STATION108694250.tgd for popup_Magic
Невозможно разрешить символ tag1 из D:\PROJECT_VU\VU\PIC\STATION163230078.tgd for popup_Magic
Невозможно разрешить символ tag1 из D:\PROJECT_VU\VU\PIC\STATION163675281.tgd for popup_Magic
Невозможно разрешить символ tag1 из D:\PROJECT_VU\VU\PIC\STATION177052109.tgd for popup_Magic
Невозможно разрешить символ tag1 из D:\PROJECT_VU\VU\PIC\STATION177099546.tgd for popup_Magic
Невозможно разрешить символ tag1 из D:\PROJECT_VU\VU\PIC\STATION180508750.tgd for popup_Magic
Невозможно разрешить символ tag1 из D:\PROJECT_VU\VU\PIC\STATION183046046.tgd for popup_Magic
Невозможно разрешить символ tag1 из D:\PROJECT_VU\VU\PIC\STATION183134812.tgd for popup_Magic
Невозможно разрешить символ tag1 из D:\PROJECT_VU\VU\PIC\STATION184596453.tgd for popup_Magic
Невозможно разрешить символ tag1 из D:\PROJECT_VU\VU\PIC\STATION184602718.tgd for popup_Magic
Невозможно разрешить символ tag1 из D:\PROJECT_VU\VU\PIC\STATION190631328.tgd for popup_Magic
Невозможно разрешить символ tag1 из D:\PROJECT_VU\VU\PIC\STATION191390796.tgd for popup_Magic
Невозможно разрешить символ tag1 из D:\PROJECT_VU\VU\PIC\STATION197774359.tgd for popup_Magic
Невозможно разрешить символ tag1 из D:\PROJECT_VU\VU\PIC\STATION197814703.tgd for popup_Magic
Невозможно разрешить символ tag1 из D:\PROJECT_VU\VU\PIC\STATION198747875.tgd for popup_Magic
Невозможно разрешить символ tag1 из D:\PROJECT_VU\VU\PIC\STATION198814156.tgd for popup_Magic
Невозможно разрешить символ tag1 из D:\PROJECT_VU\VU\PIC\STATION58787390.tgd for popup_Magic
Невозможно разрешить символ tag1 из D:\PROJECT_VU\VU\PIC\STATION58923953.tgd for popup_Magic
Невозможно разрешить символ tag1 из D:\PROJECT_VU\VU\PIC\STATION58934156.tgd for popup_Magic
Невозможно разрешить символ tag1 из D:\PROJECT_VU\VU\PIC\STATION59404015.tgd for popup_Magic
Невозможно разрешить символ tag1 из D:\PROJECT_VU\VU\PIC\STATION59434343.tgd for popup_Magic
Невозможно разрешить символ tag1 из D:\PROJECT_VU\VU\PIC\STATION59911312.tgd for popup_Magic
Невозможно разрешить символ tag1 из D:\PROJECT_VU\VU\PIC\STATION60446031.tgd for popup_Magic
Невозможно разрешить символ tag1 из D:\PROJECT_VU\VU\PIC\STATION60923375.tgd for popup_Magic
Невозможно разрешить символ tag1 из D:\PROJECT_VU\VU\PIC\STATION64257562.tgd for popup_Magic
Невозможно разрешить символ tag1 из D:\PROJECT_VU\VU\PIC\STATION64819234.tgd for popup_Magic
Невозможно разрешить символ tag1 из D:\PROJECT_VU\VU\PIC\STATION65748078.tgd for popup_Magic
Невозможно разрешить символ tag1 из D:\PROJECT_VU\VU\PIC\STATION69152328.tgd for popup_Magic
Невозможно разрешить символ tag1 из D:\PROJECT_VU\VU\PIC\STATION71525296.tgd for popup_Magic
Невозможно разрешить символ tag1 из D:\PROJECT_VU\VU\PIC\STATION72121843.tgd for popup_Magic
Невозможно разрешить символ tag1 из D:\PROJECT_VU\VU\PIC\STATION72134703.tgd for popup_Magic
Невозможно разрешить символ tag1 из D:\PROJECT_VU\VU\PIC\STATION72391250.tgd for popup_Magic
Невозможно разрешить символ tag1 из D:\PROJECT_VU\VU\PIC\STATION73316234.tgd for popup_Magic
Невозможно разрешить символ tag1 из D:\PROJECT_VU\VU\PIC\STATION73489015.tgd for popup_Magic
Невозможно разрешить символ tag1 из D:\PROJECT_VU\VU\PIC\STATION1641515.tgd for popup_Magic
Невозможно разрешить символ tag1 из D:\PROJECT_VU\VU\PIC\STATION4390859.tgd for popup_Magic
Невозможно разрешить символ tag1 из D:\PROJECT_VU\VU\PIC\STATION1153875.tgd for popup_Magic
Невозможно разрешить символ tag1 из D:\PROJECT_VU\VU\PIC\STATION18640625.tgd for popup_Magic
Невозможно разрешить символ tag1 из D:\PROJECT_VU\VU\PIC\STATION18826109.tgd for popup_Magic
Невозможно разрешить символ tag1 из D:\PROJECT_VU\VU\PIC\STATION23239562.tgd for popup_Magic
Невозможно разрешить символ tag1 из D:\PROJECT_VU\VU\PIC\STATION23568343.tgd for popup_Magic
Невозможно разрешить символ tag1 из D:\PROJECT_VU\VU\PIC\STATION23647906.tgd for popup_Magic
Невозможно разрешить символ tag1 из D:\PROJECT_VU\VU\PIC\STATION27235531.tgd for popup_Magic
Невозможно разрешить символ tag1 из D:\PROJECT_VU\VU\PIC\STATION4788109.tgd for popup_Magic
Невозможно разрешить символ tag1 из D:\PROJECT_VU\VU\PIC\STATION4819781.tgd for popup_Magic
Невозможно разрешить символ tag1 из D:\PROJECT_VU\VU\PIC\STATION5078031.tgd for popup_Magic
Невозможно разрешить символ tag1 из D:\PROJECT_VU\VU\PIC\STATION7694171.tgd for popup_Magic
Невозможно разрешить символ tag1 из D:\PROJECT_VU\VU\PIC\STATION10531703.tgd for popup_Magic
Невозможно разрешить символ tag1 из D:\PROJECT_VU\VU\PIC\STATION22270312.tgd for popup_Magic
