18.01.2019 08:04:20 FIX НАРУШЕНИЕ ЗАЩИТЫ: ADMIN сбой попытки входа - Пароль для этого пользователя недопустим 
18.01.2019 08:04:43 FIX ИНЖЕНЕР вошел как Прикладной пользователь
18.01.2019 08:06:33 FIX ПРОЧИЕ вошел как Прикладной пользователь
18.01.2019 08:06:33 FIX НАРУШЕНИЕ ЗАЩИТЫ: ADMIN сбой попытки входа - Пароль для этого пользователя недопустим 
18.01.2019 08:18:24 FIX НАРУШЕНИЕ ЗАЩИТЫ: ПРОЧИЕ доступ к  ПРИКЛАДНОЙ ФУНКЦИИ iFIX - System Shutdown
18.01.2019 08:18:41 FIX НАРУШЕНИЕ ЗАЩИТЫ: ПРОЧИЕ доступ к  ПРИКЛАДНОЙ ФУНКЦИИ Background Task Exit
18.01.2019 13:31:41 FIX НАРУШЕНИЕ ЗАЩИТЫ: ПРОЧИЕ доступ к  ПРИКЛАДНОЙ ФУНКЦИИ System Configuration
18.01.2019 15:03:25 FIX НАРУШЕНИЕ ЗАЩИТЫ: ADMIN сбой попытки входа - Пользователь не зарегистрирован в системе защиты 
18.01.2019 15:14:23 FIX СУПЕРВИЗОР конфигурация защиты обновлена
18.01.2019 15:16:14 FIX НАРУШЕНИЕ ЗАЩИТЫ: ENG сбой попытки входа - Пароль для этого пользователя недопустим 
18.01.2019 15:16:43 FIX ПРОЧИЕ вошел как Прикладной пользователь
18.01.2019 15:16:43 FIX НАРУШЕНИЕ ЗАЩИТЫ: ADMIN сбой попытки входа - Пароль для этого пользователя недопустим 
18.01.2019 15:17:33 FIX НАРУШЕНИЕ ЗАЩИТЫ: ПРОЧИЕ доступ к  ПРИКЛАДНОЙ ФУНКЦИИ WorkSpace Configure
18.01.2019 15:17:37 FIX НАРУШЕНИЕ ЗАЩИТЫ: ПРОЧИЕ доступ к  ПРИКЛАДНОЙ ФУНКЦИИ WorkSpace Configure
18.01.2019 15:19:43 FIX ПРОЧИЕ вошел как Прикладной пользователь
18.01.2019 15:19:44 FIX НАРУШЕНИЕ ЗАЩИТЫ: ENG сбой попытки входа - Пароль для этого пользователя недопустим 
18.01.2019 15:20:49 FIX ПРОЧИЕ вошел как Прикладной пользователь
18.01.2019 15:20:49 FIX НАРУШЕНИЕ ЗАЩИТЫ: ADMIN сбой попытки входа - Пароль для этого пользователя недопустим 
18.01.2019 15:23:13 FIX НАРУШЕНИЕ ЗАЩИТЫ: ПРОЧИЕ доступ к  ПРИКЛАДНОЙ ФУНКЦИИ System Configuration
18.01.2019 15:23:53 FIX ПРОЧИЕ вышел как Прикладной пользователь
18.01.2019 15:24:53 FIX НАРУШЕНИЕ ЗАЩИТЫ: ADMIN сбой попытки входа - Пользователь не зарегистрирован в системе защиты 
18.01.2019 15:25:01 FIX НАРУШЕНИЕ ЗАЩИТЫ: ADMIN сбой попытки входа - Пользователь не зарегистрирован в системе защиты 
18.01.2019 15:25:23 FIX НАРУШЕНИЕ ЗАЩИТЫ: ADMIN сбой попытки входа - Пользователь не зарегистрирован в системе защиты 
18.01.2019 15:25:30 FIX НАРУШЕНИЕ ЗАЩИТЫ: ADMIN сбой попытки входа - Пользователь не зарегистрирован в системе защиты 
18.01.2019 15:25:56 FIX НАРУШЕНИЕ ЗАЩИТЫ: ENG сбой попытки входа - Пользователь не зарегистрирован в системе защиты 
18.01.2019 15:26:00 FIX НАРУШЕНИЕ ЗАЩИТЫ: ENG сбой попытки входа - Пользователь не зарегистрирован в системе защиты 
18.01.2019 15:26:14 FIX НАРУШЕНИЕ ЗАЩИТЫ: ENG сбой попытки входа - Пользователь не зарегистрирован в системе защиты 
18.01.2019 15:26:35 FIX НАРУШЕНИЕ ЗАЩИТЫ:  доступ к  ПРИКЛАДНОЙ ФУНКЦИИ System Configuration
18.01.2019 15:26:39 FIX НАРУШЕНИЕ ЗАЩИТЫ: ENG сбой попытки входа - Пользователь не зарегистрирован в системе защиты 
18.01.2019 15:26:46 FIX НАРУШЕНИЕ ЗАЩИТЫ: ENGIN сбой попытки входа - Пользователь не зарегистрирован в системе защиты 
18.01.2019 15:26:55 FIX НАРУШЕНИЕ ЗАЩИТЫ: ENGIN сбой попытки входа - Пользователь не зарегистрирован в системе защиты 
18.01.2019 15:27:05 FIX НАРУШЕНИЕ ЗАЩИТЫ:  доступ к  ПРИКЛАДНОЙ ФУНКЦИИ iFIX - System Shutdown
18.01.2019 15:27:15 FIX НАРУШЕНИЕ ЗАЩИТЫ:  доступ к  ПРИКЛАДНОЙ ФУНКЦИИ iFIX - System Shutdown
18.01.2019 15:27:23 FIX НАРУШЕНИЕ ЗАЩИТЫ:  доступ к  ПРИКЛАДНОЙ ФУНКЦИИ Background Task Exit
18.01.2019 15:27:49 FIX НАРУШЕНИЕ ЗАЩИТЫ:  доступ к  ПРИКЛАДНОЙ ФУНКЦИИ System Configuration
