17.01.2019 08:48:22 FIX мюпсьемхе гюыхрш: опнвхе ДНЯРСО Й  опхйкюдмни тсмйжхх Runtime Visual Basic Editor Access
17.01.2019 08:48:22 FIX мюпсьемхе гюыхрш: опнвхе ДНЯРСО Й  опхйкюдмни тсмйжхх Runtime Visual Basic Editor Access
17.01.2019 08:48:22 FIX мюпсьемхе гюыхрш: опнвхе ДНЯРСО Й  опхйкюдмни тсмйжхх Runtime Visual Basic Editor Access
17.01.2019 08:48:22 FIX мюпсьемхе гюыхрш: опнвхе ДНЯРСО Й  опхйкюдмни тсмйжхх Runtime Visual Basic Editor Access
17.01.2019 09:58:31 FIX мюпсьемхе гюыхрш: опнвхе ДНЯРСО Й  опхйкюдмни тсмйжхх Runtime Visual Basic Editor Access
17.01.2019 09:58:31 FIX мюпсьемхе гюыхрш: опнвхе ДНЯРСО Й  опхйкюдмни тсмйжхх Runtime Visual Basic Editor Access
17.01.2019 09:58:32 FIX мюпсьемхе гюыхрш: опнвхе ДНЯРСО Й  опхйкюдмни тсмйжхх Runtime Visual Basic Editor Access
17.01.2019 09:58:32 FIX мюпсьемхе гюыхрш: опнвхе ДНЯРСО Й  опхйкюдмни тсмйжхх Runtime Visual Basic Editor Access
17.01.2019 10:17:12 FIX мюпсьемхе гюыхрш: опнвхе ДНЯРСО Й  опхйкюдмни тсмйжхх iFIX - System Shutdown
17.01.2019 10:21:20 FIX мюпсьемхе гюыхрш: опнвхе ДНЯРСО Й  опхйкюдмни тсмйжхх iFIX - System Shutdown
17.01.2019 10:41:01 FIX мюпсьемхе гюыхрш: ADMIN ЯАНИ ОНОШРЙХ БУНДЮ - оЮПНКЭ ДКЪ ЩРНЦН ОНКЭГНБЮРЕКЪ МЕДНОСЯРХЛ 
17.01.2019 10:52:39 FIX мюпсьемхе гюыхрш: опнвхе ДНЯРСО Й  опхйкюдмни тсмйжхх WorkSpace Configure
17.01.2019 10:52:40 FIX мюпсьемхе гюыхрш: опнвхе ДНЯРСО Й  опхйкюдмни тсмйжхх WorkSpace Configure
17.01.2019 10:52:41 FIX мюпсьемхе гюыхрш: опнвхе ДНЯРСО Й  опхйкюдмни тсмйжхх WorkSpace Configure
17.01.2019 10:52:41 FIX мюпсьемхе гюыхрш: опнвхе ДНЯРСО Й  опхйкюдмни тсмйжхх WorkSpace Configure
17.01.2019 10:52:41 FIX мюпсьемхе гюыхрш: опнвхе ДНЯРСО Й  опхйкюдмни тсмйжхх WorkSpace Configure
17.01.2019 10:52:45 FIX мюпсьемхе гюыхрш: опнвхе ДНЯРСО Й  опхйкюдмни тсмйжхх WorkSpace Configure
17.01.2019 10:52:45 FIX мюпсьемхе гюыхрш: опнвхе ДНЯРСО Й  опхйкюдмни тсмйжхх WorkSpace Configure
17.01.2019 10:52:45 FIX мюпсьемхе гюыхрш: опнвхе ДНЯРСО Й  опхйкюдмни тсмйжхх WorkSpace Configure
17.01.2019 10:52:46 FIX мюпсьемхе гюыхрш: опнвхе ДНЯРСО Й  опхйкюдмни тсмйжхх WorkSpace Configure
17.01.2019 10:52:47 FIX мюпсьемхе гюыхрш: опнвхе ДНЯРСО Й  опхйкюдмни тсмйжхх WorkSpace Configure
17.01.2019 10:52:47 FIX мюпсьемхе гюыхрш: опнвхе ДНЯРСО Й  опхйкюдмни тсмйжхх WorkSpace Configure
17.01.2019 10:52:47 FIX мюпсьемхе гюыхрш: опнвхе ДНЯРСО Й  опхйкюдмни тсмйжхх WorkSpace Configure
17.01.2019 10:52:47 FIX мюпсьемхе гюыхрш: опнвхе ДНЯРСО Й  опхйкюдмни тсмйжхх WorkSpace Configure
17.01.2019 10:52:47 FIX мюпсьемхе гюыхрш: опнвхе ДНЯРСО Й  опхйкюдмни тсмйжхх WorkSpace Configure
17.01.2019 10:52:48 FIX мюпсьемхе гюыхрш: опнвхе ДНЯРСО Й  опхйкюдмни тсмйжхх WorkSpace Configure
17.01.2019 10:52:48 FIX мюпсьемхе гюыхрш: опнвхе ДНЯРСО Й  опхйкюдмни тсмйжхх WorkSpace Configure
17.01.2019 10:52:48 FIX мюпсьемхе гюыхрш: опнвхе ДНЯРСО Й  опхйкюдмни тсмйжхх WorkSpace Configure
17.01.2019 10:52:48 FIX мюпсьемхе гюыхрш: опнвхе ДНЯРСО Й  опхйкюдмни тсмйжхх WorkSpace Configure
17.01.2019 10:52:48 FIX мюпсьемхе гюыхрш: опнвхе ДНЯРСО Й  опхйкюдмни тсмйжхх WorkSpace Configure
17.01.2019 10:52:55 FIX мюпсьемхе гюыхрш: опнвхе ДНЯРСО Й  опхйкюдмни тсмйжхх WorkSpace Configure
17.01.2019 10:52:55 FIX мюпсьемхе гюыхрш: опнвхе ДНЯРСО Й  опхйкюдмни тсмйжхх WorkSpace Configure
17.01.2019 10:52:55 FIX мюпсьемхе гюыхрш: опнвхе ДНЯРСО Й  опхйкюдмни тсмйжхх WorkSpace Configure
17.01.2019 10:52:55 FIX мюпсьемхе гюыхрш: опнвхе ДНЯРСО Й  опхйкюдмни тсмйжхх WorkSpace Configure
17.01.2019 10:52:55 FIX мюпсьемхе гюыхрш: опнвхе ДНЯРСО Й  опхйкюдмни тсмйжхх WorkSpace Configure
17.01.2019 10:52:56 FIX мюпсьемхе гюыхрш: опнвхе ДНЯРСО Й  опхйкюдмни тсмйжхх WorkSpace Configure
17.01.2019 10:52:56 FIX мюпсьемхе гюыхрш: опнвхе ДНЯРСО Й  опхйкюдмни тсмйжхх WorkSpace Configure
17.01.2019 10:52:56 FIX мюпсьемхе гюыхрш: опнвхе ДНЯРСО Й  опхйкюдмни тсмйжхх WorkSpace Configure
17.01.2019 10:52:56 FIX мюпсьемхе гюыхрш: опнвхе ДНЯРСО Й  опхйкюдмни тсмйжхх WorkSpace Configure
17.01.2019 10:52:57 FIX мюпсьемхе гюыхрш: опнвхе ДНЯРСО Й  опхйкюдмни тсмйжхх WorkSpace Configure
17.01.2019 10:52:57 FIX мюпсьемхе гюыхрш: опнвхе ДНЯРСО Й  опхйкюдмни тсмйжхх WorkSpace Configure
17.01.2019 10:53:48 FIX мюпсьемхе гюыхрш: опнвхе ДНЯРСО Й  опхйкюдмни тсмйжхх WorkSpace Configure
17.01.2019 10:53:48 FIX мюпсьемхе гюыхрш: опнвхе ДНЯРСО Й  опхйкюдмни тсмйжхх WorkSpace Configure
17.01.2019 10:53:48 FIX мюпсьемхе гюыхрш: опнвхе ДНЯРСО Й  опхйкюдмни тсмйжхх WorkSpace Configure
17.01.2019 10:53:48 FIX мюпсьемхе гюыхрш: опнвхе ДНЯРСО Й  опхйкюдмни тсмйжхх WorkSpace Configure
17.01.2019 10:53:48 FIX мюпсьемхе гюыхрш: опнвхе ДНЯРСО Й  опхйкюдмни тсмйжхх WorkSpace Configure
17.01.2019 10:53:49 FIX мюпсьемхе гюыхрш: опнвхе ДНЯРСО Й  опхйкюдмни тсмйжхх WorkSpace Configure
17.01.2019 10:53:49 FIX мюпсьемхе гюыхрш: опнвхе ДНЯРСО Й  опхйкюдмни тсмйжхх WorkSpace Configure
17.01.2019 10:53:49 FIX мюпсьемхе гюыхрш: опнвхе ДНЯРСО Й  опхйкюдмни тсмйжхх WorkSpace Configure
17.01.2019 10:54:42 FIX опнвхе БНЬЕК ЙЮЙ оПХЙКЮДМНИ ОНКЭГНБЮРЕКЭ
17.01.2019 10:54:42 FIX мюпсьемхе гюыхрш: ADMIN ЯАНИ ОНОШРЙХ БУНДЮ - оЮПНКЭ ДКЪ ЩРНЦН ОНКЭГНБЮРЕКЪ МЕДНОСЯРХЛ 
17.01.2019 10:54:52 FIX мюпсьемхе гюыхрш: опнвхе ДНЯРСО Й  опхйкюдмни тсмйжхх WorkSpace Configure
17.01.2019 10:54:53 FIX мюпсьемхе гюыхрш: опнвхе ДНЯРСО Й  опхйкюдмни тсмйжхх WorkSpace Configure
17.01.2019 10:54:53 FIX мюпсьемхе гюыхрш: опнвхе ДНЯРСО Й  опхйкюдмни тсмйжхх WorkSpace Configure
17.01.2019 10:54:54 FIX мюпсьемхе гюыхрш: опнвхе ДНЯРСО Й  опхйкюдмни тсмйжхх WorkSpace Configure
17.01.2019 10:54:54 FIX мюпсьемхе гюыхрш: опнвхе ДНЯРСО Й  опхйкюдмни тсмйжхх WorkSpace Configure
17.01.2019 10:54:54 FIX мюпсьемхе гюыхрш: опнвхе ДНЯРСО Й  опхйкюдмни тсмйжхх WorkSpace Configure
17.01.2019 10:54:54 FIX мюпсьемхе гюыхрш: опнвхе ДНЯРСО Й  опхйкюдмни тсмйжхх WorkSpace Configure
17.01.2019 10:54:54 FIX мюпсьемхе гюыхрш: опнвхе ДНЯРСО Й  опхйкюдмни тсмйжхх WorkSpace Configure
17.01.2019 10:54:55 FIX мюпсьемхе гюыхрш: опнвхе ДНЯРСО Й  опхйкюдмни тсмйжхх WorkSpace Configure
17.01.2019 10:54:55 FIX мюпсьемхе гюыхрш: опнвхе ДНЯРСО Й  опхйкюдмни тсмйжхх WorkSpace Configure
17.01.2019 10:54:55 FIX мюпсьемхе гюыхрш: опнвхе ДНЯРСО Й  опхйкюдмни тсмйжхх WorkSpace Configure
17.01.2019 10:54:55 FIX мюпсьемхе гюыхрш: опнвхе ДНЯРСО Й  опхйкюдмни тсмйжхх WorkSpace Configure
17.01.2019 10:54:56 FIX мюпсьемхе гюыхрш: опнвхе ДНЯРСО Й  опхйкюдмни тсмйжхх WorkSpace Configure
17.01.2019 10:54:56 FIX мюпсьемхе гюыхрш: опнвхе ДНЯРСО Й  опхйкюдмни тсмйжхх WorkSpace Configure
17.01.2019 10:54:56 FIX мюпсьемхе гюыхрш: опнвхе ДНЯРСО Й  опхйкюдмни тсмйжхх WorkSpace Configure
17.01.2019 10:54:56 FIX мюпсьемхе гюыхрш: опнвхе ДНЯРСО Й  опхйкюдмни тсмйжхх WorkSpace Configure
17.01.2019 10:54:57 FIX мюпсьемхе гюыхрш: опнвхе ДНЯРСО Й  опхйкюдмни тсмйжхх WorkSpace Configure
17.01.2019 10:58:37 FIX мюпсьемхе гюыхрш: опнвхе ДНЯРСО Й  опхйкюдмни тсмйжхх WorkSpace Configure
17.01.2019 10:58:37 FIX мюпсьемхе гюыхрш: опнвхе ДНЯРСО Й  опхйкюдмни тсмйжхх WorkSpace Configure
17.01.2019 10:58:37 FIX мюпсьемхе гюыхрш: опнвхе ДНЯРСО Й  опхйкюдмни тсмйжхх WorkSpace Configure
17.01.2019 10:58:37 FIX мюпсьемхе гюыхрш: опнвхе ДНЯРСО Й  опхйкюдмни тсмйжхх WorkSpace Configure
17.01.2019 10:58:37 FIX мюпсьемхе гюыхрш: опнвхе ДНЯРСО Й  опхйкюдмни тсмйжхх WorkSpace Configure
17.01.2019 10:58:38 FIX мюпсьемхе гюыхрш: опнвхе ДНЯРСО Й  опхйкюдмни тсмйжхх WorkSpace Configure
17.01.2019 10:58:38 FIX мюпсьемхе гюыхрш: опнвхе ДНЯРСО Й  опхйкюдмни тсмйжхх WorkSpace Configure
17.01.2019 10:58:38 FIX мюпсьемхе гюыхрш: опнвхе ДНЯРСО Й  опхйкюдмни тсмйжхх WorkSpace Configure
17.01.2019 10:58:38 FIX мюпсьемхе гюыхрш: опнвхе ДНЯРСО Й  опхйкюдмни тсмйжхх WorkSpace Configure
17.01.2019 10:58:38 FIX мюпсьемхе гюыхрш: опнвхе ДНЯРСО Й  опхйкюдмни тсмйжхх WorkSpace Configure
17.01.2019 10:58:39 FIX мюпсьемхе гюыхрш: опнвхе ДНЯРСО Й  опхйкюдмни тсмйжхх WorkSpace Configure
17.01.2019 10:58:39 FIX мюпсьемхе гюыхрш: опнвхе ДНЯРСО Й  опхйкюдмни тсмйжхх WorkSpace Configure
17.01.2019 10:58:39 FIX мюпсьемхе гюыхрш: опнвхе ДНЯРСО Й  опхйкюдмни тсмйжхх WorkSpace Configure
17.01.2019 10:58:39 FIX мюпсьемхе гюыхрш: опнвхе ДНЯРСО Й  опхйкюдмни тсмйжхх WorkSpace Configure
17.01.2019 10:58:39 FIX мюпсьемхе гюыхрш: опнвхе ДНЯРСО Й  опхйкюдмни тсмйжхх WorkSpace Configure
17.01.2019 10:58:39 FIX мюпсьемхе гюыхрш: опнвхе ДНЯРСО Й  опхйкюдмни тсмйжхх WorkSpace Configure
17.01.2019 10:58:40 FIX мюпсьемхе гюыхрш: опнвхе ДНЯРСО Й  опхйкюдмни тсмйжхх WorkSpace Configure
17.01.2019 10:58:40 FIX мюпсьемхе гюыхрш: опнвхе ДНЯРСО Й  опхйкюдмни тсмйжхх WorkSpace Configure
17.01.2019 10:58:40 FIX мюпсьемхе гюыхрш: опнвхе ДНЯРСО Й  опхйкюдмни тсмйжхх WorkSpace Configure
17.01.2019 10:58:40 FIX мюпсьемхе гюыхрш: опнвхе ДНЯРСО Й  опхйкюдмни тсмйжхх WorkSpace Configure
17.01.2019 10:58:40 FIX мюпсьемхе гюыхрш: опнвхе ДНЯРСО Й  опхйкюдмни тсмйжхх WorkSpace Configure
17.01.2019 10:58:40 FIX мюпсьемхе гюыхрш: опнвхе ДНЯРСО Й  опхйкюдмни тсмйжхх WorkSpace Configure
17.01.2019 10:58:41 FIX мюпсьемхе гюыхрш: опнвхе ДНЯРСО Й  опхйкюдмни тсмйжхх WorkSpace Configure
17.01.2019 10:58:41 FIX мюпсьемхе гюыхрш: опнвхе ДНЯРСО Й  опхйкюдмни тсмйжхх WorkSpace Configure
17.01.2019 10:58:41 FIX мюпсьемхе гюыхрш: опнвхе ДНЯРСО Й  опхйкюдмни тсмйжхх WorkSpace Configure
17.01.2019 10:58:41 FIX мюпсьемхе гюыхрш: опнвхе ДНЯРСО Й  опхйкюдмни тсмйжхх WorkSpace Configure
17.01.2019 10:58:41 FIX мюпсьемхе гюыхрш: опнвхе ДНЯРСО Й  опхйкюдмни тсмйжхх WorkSpace Configure
17.01.2019 10:58:41 FIX мюпсьемхе гюыхрш: опнвхе ДНЯРСО Й  опхйкюдмни тсмйжхх WorkSpace Configure
17.01.2019 10:59:07 FIX мюпсьемхе гюыхрш: опнвхе ДНЯРСО Й  опхйкюдмни тсмйжхх WorkSpace Configure
17.01.2019 10:59:07 FIX мюпсьемхе гюыхрш: опнвхе ДНЯРСО Й  опхйкюдмни тсмйжхх WorkSpace Configure
17.01.2019 10:59:08 FIX мюпсьемхе гюыхрш: опнвхе ДНЯРСО Й  опхйкюдмни тсмйжхх WorkSpace Configure
17.01.2019 10:59:08 FIX мюпсьемхе гюыхрш: опнвхе ДНЯРСО Й  опхйкюдмни тсмйжхх WorkSpace Configure
17.01.2019 10:59:08 FIX мюпсьемхе гюыхрш: опнвхе ДНЯРСО Й  опхйкюдмни тсмйжхх WorkSpace Configure
17.01.2019 10:59:08 FIX мюпсьемхе гюыхрш: опнвхе ДНЯРСО Й  опхйкюдмни тсмйжхх WorkSpace Configure
17.01.2019 10:59:08 FIX мюпсьемхе гюыхрш: опнвхе ДНЯРСО Й  опхйкюдмни тсмйжхх WorkSpace Configure
17.01.2019 10:59:08 FIX мюпсьемхе гюыхрш: опнвхе ДНЯРСО Й  опхйкюдмни тсмйжхх WorkSpace Configure
17.01.2019 10:59:09 FIX мюпсьемхе гюыхрш: опнвхе ДНЯРСО Й  опхйкюдмни тсмйжхх WorkSpace Configure
17.01.2019 10:59:09 FIX мюпсьемхе гюыхрш: опнвхе ДНЯРСО Й  опхйкюдмни тсмйжхх WorkSpace Configure
17.01.2019 10:59:09 FIX мюпсьемхе гюыхрш: опнвхе ДНЯРСО Й  опхйкюдмни тсмйжхх WorkSpace Configure
17.01.2019 10:59:09 FIX мюпсьемхе гюыхрш: опнвхе ДНЯРСО Й  опхйкюдмни тсмйжхх WorkSpace Configure
17.01.2019 10:59:09 FIX мюпсьемхе гюыхрш: опнвхе ДНЯРСО Й  опхйкюдмни тсмйжхх WorkSpace Configure
17.01.2019 10:59:10 FIX мюпсьемхе гюыхрш: опнвхе ДНЯРСО Й  опхйкюдмни тсмйжхх WorkSpace Configure
17.01.2019 10:59:10 FIX мюпсьемхе гюыхрш: опнвхе ДНЯРСО Й  опхйкюдмни тсмйжхх WorkSpace Configure
17.01.2019 10:59:10 FIX мюпсьемхе гюыхрш: опнвхе ДНЯРСО Й  опхйкюдмни тсмйжхх WorkSpace Configure
17.01.2019 10:59:15 FIX мюпсьемхе гюыхрш: опнвхе ДНЯРСО Й  опхйкюдмни тсмйжхх WorkSpace Configure
17.01.2019 10:59:16 FIX мюпсьемхе гюыхрш: опнвхе ДНЯРСО Й  опхйкюдмни тсмйжхх WorkSpace Configure
17.01.2019 10:59:16 FIX мюпсьемхе гюыхрш: опнвхе ДНЯРСО Й  опхйкюдмни тсмйжхх WorkSpace Configure
17.01.2019 10:59:16 FIX мюпсьемхе гюыхрш: опнвхе ДНЯРСО Й  опхйкюдмни тсмйжхх WorkSpace Configure
17.01.2019 10:59:16 FIX мюпсьемхе гюыхрш: опнвхе ДНЯРСО Й  опхйкюдмни тсмйжхх WorkSpace Configure
17.01.2019 11:08:00 FIX мюпсьемхе гюыхрш: опнвхе ДНЯРСО Й  опхйкюдмни тсмйжхх WorkSpace Configure
17.01.2019 11:08:01 FIX мюпсьемхе гюыхрш: опнвхе ДНЯРСО Й  опхйкюдмни тсмйжхх WorkSpace Configure
17.01.2019 11:16:21 FIX мюпсьемхе гюыхрш: опнвхе ДНЯРСО Й  опхйкюдмни тсмйжхх WorkSpace Configure
17.01.2019 11:16:22 FIX мюпсьемхе гюыхрш: опнвхе ДНЯРСО Й  опхйкюдмни тсмйжхх WorkSpace Configure
17.01.2019 11:16:22 FIX мюпсьемхе гюыхрш: опнвхе ДНЯРСО Й  опхйкюдмни тсмйжхх WorkSpace Configure
17.01.2019 11:16:22 FIX мюпсьемхе гюыхрш: опнвхе ДНЯРСО Й  опхйкюдмни тсмйжхх WorkSpace Configure
17.01.2019 11:16:23 FIX мюпсьемхе гюыхрш: опнвхе ДНЯРСО Й  опхйкюдмни тсмйжхх WorkSpace Configure
17.01.2019 11:16:23 FIX мюпсьемхе гюыхрш: опнвхе ДНЯРСО Й  опхйкюдмни тсмйжхх WorkSpace Configure
17.01.2019 11:16:23 FIX мюпсьемхе гюыхрш: опнвхе ДНЯРСО Й  опхйкюдмни тсмйжхх WorkSpace Configure
17.01.2019 11:16:24 FIX мюпсьемхе гюыхрш: опнвхе ДНЯРСО Й  опхйкюдмни тсмйжхх WorkSpace Configure
17.01.2019 11:16:24 FIX мюпсьемхе гюыхрш: опнвхе ДНЯРСО Й  опхйкюдмни тсмйжхх WorkSpace Configure
17.01.2019 11:16:24 FIX мюпсьемхе гюыхрш: опнвхе ДНЯРСО Й  опхйкюдмни тсмйжхх WorkSpace Configure
17.01.2019 11:16:24 FIX мюпсьемхе гюыхрш: опнвхе ДНЯРСО Й  опхйкюдмни тсмйжхх WorkSpace Configure
17.01.2019 11:16:24 FIX мюпсьемхе гюыхрш: опнвхе ДНЯРСО Й  опхйкюдмни тсмйжхх WorkSpace Configure
17.01.2019 11:16:25 FIX мюпсьемхе гюыхрш: опнвхе ДНЯРСО Й  опхйкюдмни тсмйжхх WorkSpace Configure
17.01.2019 11:16:25 FIX мюпсьемхе гюыхрш: опнвхе ДНЯРСО Й  опхйкюдмни тсмйжхх WorkSpace Configure
17.01.2019 11:16:25 FIX мюпсьемхе гюыхрш: опнвхе ДНЯРСО Й  опхйкюдмни тсмйжхх WorkSpace Configure
17.01.2019 11:16:26 FIX мюпсьемхе гюыхрш: опнвхе ДНЯРСО Й  опхйкюдмни тсмйжхх WorkSpace Configure
17.01.2019 11:16:26 FIX мюпсьемхе гюыхрш: опнвхе ДНЯРСО Й  опхйкюдмни тсмйжхх WorkSpace Configure
17.01.2019 11:16:26 FIX мюпсьемхе гюыхрш: опнвхе ДНЯРСО Й  опхйкюдмни тсмйжхх WorkSpace Configure
17.01.2019 11:16:26 FIX мюпсьемхе гюыхрш: опнвхе ДНЯРСО Й  опхйкюдмни тсмйжхх WorkSpace Configure
17.01.2019 11:16:26 FIX мюпсьемхе гюыхрш: опнвхе ДНЯРСО Й  опхйкюдмни тсмйжхх WorkSpace Configure
17.01.2019 11:16:26 FIX мюпсьемхе гюыхрш: опнвхе ДНЯРСО Й  опхйкюдмни тсмйжхх WorkSpace Configure
17.01.2019 11:16:27 FIX мюпсьемхе гюыхрш: опнвхе ДНЯРСО Й  опхйкюдмни тсмйжхх WorkSpace Configure
17.01.2019 11:16:27 FIX мюпсьемхе гюыхрш: опнвхе ДНЯРСО Й  опхйкюдмни тсмйжхх WorkSpace Configure
17.01.2019 11:16:27 FIX мюпсьемхе гюыхрш: опнвхе ДНЯРСО Й  опхйкюдмни тсмйжхх WorkSpace Configure
17.01.2019 11:16:27 FIX мюпсьемхе гюыхрш: опнвхе ДНЯРСО Й  опхйкюдмни тсмйжхх WorkSpace Configure
17.01.2019 11:16:27 FIX мюпсьемхе гюыхрш: опнвхе ДНЯРСО Й  опхйкюдмни тсмйжхх WorkSpace Configure
17.01.2019 11:16:27 FIX мюпсьемхе гюыхрш: опнвхе ДНЯРСО Й  опхйкюдмни тсмйжхх WorkSpace Configure
17.01.2019 11:16:28 FIX мюпсьемхе гюыхрш: опнвхе ДНЯРСО Й  опхйкюдмни тсмйжхх WorkSpace Configure
17.01.2019 11:16:28 FIX мюпсьемхе гюыхрш: опнвхе ДНЯРСО Й  опхйкюдмни тсмйжхх WorkSpace Configure
17.01.2019 11:16:28 FIX мюпсьемхе гюыхрш: опнвхе ДНЯРСО Й  опхйкюдмни тсмйжхх WorkSpace Configure
17.01.2019 11:16:29 FIX мюпсьемхе гюыхрш: опнвхе ДНЯРСО Й  опхйкюдмни тсмйжхх WorkSpace Configure
17.01.2019 11:16:29 FIX мюпсьемхе гюыхрш: опнвхе ДНЯРСО Й  опхйкюдмни тсмйжхх WorkSpace Configure
17.01.2019 11:16:29 FIX мюпсьемхе гюыхрш: опнвхе ДНЯРСО Й  опхйкюдмни тсмйжхх WorkSpace Configure
17.01.2019 11:16:29 FIX мюпсьемхе гюыхрш: опнвхе ДНЯРСО Й  опхйкюдмни тсмйжхх WorkSpace Configure
17.01.2019 11:16:29 FIX мюпсьемхе гюыхрш: опнвхе ДНЯРСО Й  опхйкюдмни тсмйжхх WorkSpace Configure
17.01.2019 11:16:30 FIX мюпсьемхе гюыхрш: опнвхе ДНЯРСО Й  опхйкюдмни тсмйжхх WorkSpace Configure
17.01.2019 11:16:30 FIX мюпсьемхе гюыхрш: опнвхе ДНЯРСО Й  опхйкюдмни тсмйжхх WorkSpace Configure
17.01.2019 11:16:30 FIX мюпсьемхе гюыхрш: опнвхе ДНЯРСО Й  опхйкюдмни тсмйжхх WorkSpace Configure
17.01.2019 11:16:30 FIX мюпсьемхе гюыхрш: опнвхе ДНЯРСО Й  опхйкюдмни тсмйжхх WorkSpace Configure
17.01.2019 11:16:30 FIX мюпсьемхе гюыхрш: опнвхе ДНЯРСО Й  опхйкюдмни тсмйжхх WorkSpace Configure
17.01.2019 11:16:31 FIX мюпсьемхе гюыхрш: опнвхе ДНЯРСО Й  опхйкюдмни тсмйжхх WorkSpace Configure
17.01.2019 11:16:31 FIX мюпсьемхе гюыхрш: опнвхе ДНЯРСО Й  опхйкюдмни тсмйжхх WorkSpace Configure
17.01.2019 11:36:13 FIX мюпсьемхе гюыхрш: опнвхе ДНЯРСО Й  опхйкюдмни тсмйжхх WorkSpace Configure
17.01.2019 11:36:43 FIX мюпсьемхе гюыхрш: опнвхе ДНЯРСО Й  опхйкюдмни тсмйжхх WorkSpace Configure
17.01.2019 11:36:43 FIX мюпсьемхе гюыхрш: опнвхе ДНЯРСО Й  опхйкюдмни тсмйжхх WorkSpace Configure
17.01.2019 11:36:43 FIX мюпсьемхе гюыхрш: опнвхе ДНЯРСО Й  опхйкюдмни тсмйжхх WorkSpace Configure
17.01.2019 11:36:44 FIX мюпсьемхе гюыхрш: опнвхе ДНЯРСО Й  опхйкюдмни тсмйжхх WorkSpace Configure
17.01.2019 11:36:44 FIX мюпсьемхе гюыхрш: опнвхе ДНЯРСО Й  опхйкюдмни тсмйжхх WorkSpace Configure
17.01.2019 11:36:44 FIX мюпсьемхе гюыхрш: опнвхе ДНЯРСО Й  опхйкюдмни тсмйжхх WorkSpace Configure
17.01.2019 11:36:44 FIX мюпсьемхе гюыхрш: опнвхе ДНЯРСО Й  опхйкюдмни тсмйжхх WorkSpace Configure
17.01.2019 11:36:44 FIX мюпсьемхе гюыхрш: опнвхе ДНЯРСО Й  опхйкюдмни тсмйжхх WorkSpace Configure
17.01.2019 11:36:44 FIX мюпсьемхе гюыхрш: опнвхе ДНЯРСО Й  опхйкюдмни тсмйжхх WorkSpace Configure
17.01.2019 11:36:44 FIX мюпсьемхе гюыхрш: опнвхе ДНЯРСО Й  опхйкюдмни тсмйжхх WorkSpace Configure
17.01.2019 11:36:45 FIX мюпсьемхе гюыхрш: опнвхе ДНЯРСО Й  опхйкюдмни тсмйжхх WorkSpace Configure
17.01.2019 11:37:30 FIX мюпсьемхе гюыхрш: опнвхе ДНЯРСО Й  опхйкюдмни тсмйжхх iFIX - System Shutdown
17.01.2019 13:59:32 FIX мюпсьемхе гюыхрш: ADMIN ЯАНИ ОНОШРЙХ БУНДЮ - оЮПНКЭ ДКЪ ЩРНЦН ОНКЭГНБЮРЕКЪ МЕДНОСЯРХЛ 
17.01.2019 14:00:04 FIX мюпсьемхе гюыхрш: опнвхе ДНЯРСО Й  опхйкюдмни тсмйжхх WorkSpace Configure
17.01.2019 14:00:04 FIX мюпсьемхе гюыхрш: опнвхе ДНЯРСО Й  опхйкюдмни тсмйжхх WorkSpace Configure
17.01.2019 14:00:05 FIX мюпсьемхе гюыхрш: опнвхе ДНЯРСО Й  опхйкюдмни тсмйжхх WorkSpace Configure
17.01.2019 14:00:05 FIX мюпсьемхе гюыхрш: опнвхе ДНЯРСО Й  опхйкюдмни тсмйжхх WorkSpace Configure
17.01.2019 14:00:05 FIX мюпсьемхе гюыхрш: опнвхе ДНЯРСО Й  опхйкюдмни тсмйжхх WorkSpace Configure
17.01.2019 14:01:11 FIX мюпсьемхе гюыхрш: опнвхе ДНЯРСО Й  опхйкюдмни тсмйжхх iFIX - System Shutdown
17.01.2019 14:01:19 FIX мюпсьемхе гюыхрш: опнвхе ДНЯРСО Й  опхйкюдмни тсмйжхх iFIX - System Shutdown
17.01.2019 14:15:25 FIX опнвхе БНЬЕК ЙЮЙ оПХЙКЮДМНИ ОНКЭГНБЮРЕКЭ
17.01.2019 14:15:26 FIX хмфемеп БНЬЕК ЙЮЙ оПХЙКЮДМНИ ОНКЭГНБЮРЕКЭ
17.01.2019 14:16:41 FIX мюпсьемхе гюыхрш: хмфемеп ДНЯРСО Й  опхйкюдмни тсмйжхх WorkSpace Configure
17.01.2019 14:17:04 FIX опнвхе БНЬЕК ЙЮЙ оПХЙКЮДМНИ ОНКЭГНБЮРЕКЭ
17.01.2019 14:17:04 FIX мюпсьемхе гюыхрш: ADMIN ЯАНИ ОНОШРЙХ БУНДЮ - оЮПНКЭ ДКЪ ЩРНЦН ОНКЭГНБЮРЕКЪ МЕДНОСЯРХЛ 
17.01.2019 14:21:35 FIX опнвхе БНЬЕК ЙЮЙ оПХЙКЮДМНИ ОНКЭГНБЮРЕКЭ
17.01.2019 14:21:36 FIX хмфемеп БНЬЕК ЙЮЙ оПХЙКЮДМНИ ОНКЭГНБЮРЕКЭ
17.01.2019 14:24:57 FIX опнвхе БНЬЕК ЙЮЙ оПХЙКЮДМНИ ОНКЭГНБЮРЕКЭ
17.01.2019 14:24:58 FIX мюпсьемхе гюыхрш: ADMIN ЯАНИ ОНОШРЙХ БУНДЮ - оЮПНКЭ ДКЪ ЩРНЦН ОНКЭГНБЮРЕКЪ МЕДНОСЯРХЛ 
17.01.2019 14:27:39 FIX мюпсьемхе гюыхрш: опнвхе ДНЯРСО Й  опхйкюдмни тсмйжхх System Configuration
17.01.2019 14:31:26 FIX мюпсьемхе гюыхрш: опнвхе ДНЯРСО Й  опхйкюдмни тсмйжхх iFIX - System Shutdown
17.01.2019 15:08:09 FIX мюпсьемхе гюыхрш: ADMIN ЯАНИ ОНОШРЙХ БУНДЮ - оЮПНКЭ ДКЪ ЩРНЦН ОНКЭГНБЮРЕКЪ МЕДНОСЯРХЛ 
17.01.2019 15:13:07 FIX опнвхе БНЬЕК ЙЮЙ оПХЙКЮДМНИ ОНКЭГНБЮРЕКЭ
17.01.2019 15:13:08 FIX мюпсьемхе гюыхрш: ADMIN ЯАНИ ОНОШРЙХ БУНДЮ - оЮПНКЭ ДКЪ ЩРНЦН ОНКЭГНБЮРЕКЪ МЕДНОСЯРХЛ 
17.01.2019 15:20:22 FIX опнвхе БНЬЕК ЙЮЙ оПХЙКЮДМНИ ОНКЭГНБЮРЕКЭ
17.01.2019 15:20:22 FIX мюпсьемхе гюыхрш: ADMIN ЯАНИ ОНОШРЙХ БУНДЮ - оЮПНКЭ ДКЪ ЩРНЦН ОНКЭГНБЮРЕКЪ МЕДНОСЯРХЛ 
17.01.2019 15:32:21 FIX опнвхе БНЬЕК ЙЮЙ оПХЙКЮДМНИ ОНКЭГНБЮРЕКЭ
17.01.2019 15:32:22 FIX мюпсьемхе гюыхрш: ADMIN ЯАНИ ОНОШРЙХ БУНДЮ - оЮПНКЭ ДКЪ ЩРНЦН ОНКЭГНБЮРЕКЪ МЕДНОСЯРХЛ 
17.01.2019 15:34:15 FIX опнвхе БНЬЕК ЙЮЙ оПХЙКЮДМНИ ОНКЭГНБЮРЕКЭ
17.01.2019 15:34:16 FIX мюпсьемхе гюыхрш: ADMIN ЯАНИ ОНОШРЙХ БУНДЮ - оЮПНКЭ ДКЪ ЩРНЦН ОНКЭГНБЮРЕКЪ МЕДНОСЯРХЛ 
17.01.2019 15:59:45 FIX мюпсьемхе гюыхрш: опнвхе ДНЯРСО Й  опхйкюдмни тсмйжхх iFIX - System Shutdown
17.01.2019 15:59:53 FIX мюпсьемхе гюыхрш: опнвхе ДНЯРСО Й  опхйкюдмни тсмйжхх Background Task Exit
