29.03.2019 08:03:53 FIX НАРУШЕНИЕ ЗАЩИТЫ: ADMIN сбой попытки входа - Пользователь не зарегистрирован в системе защиты 
29.03.2019 08:17:34 FIX НАРУШЕНИЕ ЗАЩИТЫ: ADMIN сбой попытки входа - Пользователь не зарегистрирован в системе защиты 
29.03.2019 08:21:22 FIX НАРУШЕНИЕ ЗАЩИТЫ: ADMIN сбой попытки входа - Пользователь не зарегистрирован в системе защиты 
29.03.2019 08:42:18 FIX НАРУШЕНИЕ ЗАЩИТЫ: ADMIN сбой попытки входа - Пользователь не зарегистрирован в системе защиты 
29.03.2019 08:53:20 FIX НАРУШЕНИЕ ЗАЩИТЫ: ADMIN сбой попытки входа - Пользователь не зарегистрирован в системе защиты 
29.03.2019 09:11:23 FIX НАРУШЕНИЕ ЗАЩИТЫ: ADMIN сбой попытки входа - Пользователь не зарегистрирован в системе защиты 
29.03.2019 09:19:40 FIX АДМИНИСТРАТОР вошел как Прикладной пользователь
29.03.2019 09:20:21 FIX ПРОЧИЕ вошел как Прикладной пользователь
29.03.2019 09:20:21 FIX ОПЕРАТОР вошел как Прикладной пользователь
29.03.2019 09:21:41 FIX ПРОЧИЕ вошел как Прикладной пользователь
29.03.2019 09:21:42 FIX АДМИНИСТРАТОР вошел как Прикладной пользователь
29.03.2019 09:22:21 FIX АДМИНИСТРАТОР вошел как Прикладной пользователь
29.03.2019 10:05:12 FIX ИНЖЕНЕР вошел как Прикладной пользователь
29.03.2019 10:05:24 FIX ПРОЧИЕ вошел как Прикладной пользователь
29.03.2019 10:05:25 FIX АДМИНИСТРАТОР вошел как Прикладной пользователь
29.03.2019 10:16:04 FIX АДМИНИСТРАТОР вошел как Прикладной пользователь
29.03.2019 10:16:39 FIX АДМИНИСТРАТОР вошел как Прикладной пользователь
29.03.2019 10:18:26 FIX ИНЖЕНЕР вошел как Прикладной пользователь
29.03.2019 10:42:04 FIX ПРОЧИЕ вошел как Прикладной пользователь
29.03.2019 10:42:04 FIX АДМИНИСТРАТОР вошел как Прикладной пользователь
29.03.2019 10:43:25 FIX ИНЖЕНЕР вошел как Прикладной пользователь
29.03.2019 10:55:29 FIX ПРОЧИЕ вошел как Прикладной пользователь
29.03.2019 10:55:29 FIX АДМИНИСТРАТОР вошел как Прикладной пользователь
29.03.2019 12:09:09 FIX ПРОЧИЕ вошел как Прикладной пользователь
29.03.2019 12:09:09 FIX ОПЕРАТОР вошел как Прикладной пользователь
29.03.2019 12:10:49 FIX ПРОЧИЕ вошел как Прикладной пользователь
29.03.2019 12:10:49 FIX ОПЕРАТОР вошел как Прикладной пользователь
29.03.2019 12:39:53 FIX ПРОЧИЕ вошел как Прикладной пользователь
29.03.2019 12:39:53 FIX АДМИНИСТРАТОР вошел как Прикладной пользователь
