21.04.2019 10:03:52 FIX АДМИНИСТРАТОР вошел как Прикладной пользователь
21.04.2019 10:16:45 FIX ОПЕРАТОР вошел как Прикладной пользователь
21.04.2019 10:21:41 FIX ПРОЧИЕ вошел как Прикладной пользователь
21.04.2019 10:21:41 FIX КУРАТОР ИНФ БЕЗОП вошел как Прикладной пользователь
21.04.2019 10:22:09 FIX ПРОЧИЕ вошел как Прикладной пользователь
21.04.2019 10:22:10 FIX АДМИНИСТРАТОР вошел как Прикладной пользователь
21.04.2019 10:34:28 FIX АДМИНИСТРАТОР вошел как Прикладной пользователь
21.04.2019 10:39:50 FIX ПРОЧИЕ вошел как Прикладной пользователь
21.04.2019 10:39:51 FIX ОПЕРАТОР вошел как Прикладной пользователь
21.04.2019 10:53:10 FIX ПРОЧИЕ вошел как Прикладной пользователь
21.04.2019 10:53:10 FIX АДМИНИСТРАТОР вошел как Прикладной пользователь
21.04.2019 11:06:49 FIX ПРОЧИЕ вошел как Прикладной пользователь
21.04.2019 11:06:50 FIX ОПЕРАТОР вошел как Прикладной пользователь
21.04.2019 11:12:55 FIX ПРОЧИЕ вошел как Прикладной пользователь
21.04.2019 11:13:12 FIX ОПЕРАТОР вошел как Прикладной пользователь
21.04.2019 11:14:32 FIX ПРОЧИЕ вошел как Прикладной пользователь
21.04.2019 11:14:33 FIX АДМИНИСТРАТОР вошел как Прикладной пользователь
21.04.2019 11:14:42 FIX ПРОЧИЕ вошел как Прикладной пользователь
21.04.2019 11:14:43 FIX ОПЕРАТОР вошел как Прикладной пользователь
21.04.2019 11:16:40 FIX ПРОЧИЕ вошел как Прикладной пользователь
21.04.2019 11:16:48 FIX ОПЕРАТОР вошел как Прикладной пользователь
21.04.2019 11:19:01 FIX ПРОЧИЕ вошел как Прикладной пользователь
21.04.2019 11:19:02 FIX АДМИНИСТРАТОР вошел как Прикладной пользователь
21.04.2019 11:19:10 FIX ПРОЧИЕ вошел как Прикладной пользователь
21.04.2019 11:19:30 FIX АДМИНИСТРАТОР вошел как Прикладной пользователь
21.04.2019 11:28:23 FIX ПРОЧИЕ вошел как Прикладной пользователь
21.04.2019 11:28:24 FIX ОПЕРАТОР вошел как Прикладной пользователь
21.04.2019 11:29:43 FIX ПРОЧИЕ вошел как Прикладной пользователь
21.04.2019 11:29:44 FIX АДМИНИСТРАТОР вошел как Прикладной пользователь
21.04.2019 11:32:39 FIX ПРОЧИЕ вошел как Прикладной пользователь
21.04.2019 11:32:40 FIX ОПЕРАТОР вошел как Прикладной пользователь
21.04.2019 11:57:30 FIX ПРОЧИЕ вошел как Прикладной пользователь
21.04.2019 11:57:31 FIX АДМИНИСТРАТОР вошел как Прикладной пользователь
21.04.2019 12:00:48 FIX ОПЕРАТОР вошел как Прикладной пользователь
21.04.2019 12:01:23 FIX ПРОЧИЕ вошел как Прикладной пользователь
21.04.2019 12:01:24 FIX АДМИНИСТРАТОР вошел как Прикладной пользователь
21.04.2019 12:01:38 FIX ПРОЧИЕ вошел как Прикладной пользователь
21.04.2019 12:01:39 FIX ОПЕРАТОР вошел как Прикладной пользователь
21.04.2019 12:02:18 FIX ПРОЧИЕ вошел как Прикладной пользователь
21.04.2019 12:02:19 FIX АДМИНИСТРАТОР вошел как Прикладной пользователь
21.04.2019 12:06:19 FIX ПРОЧИЕ вошел как Прикладной пользователь
21.04.2019 12:06:20 FIX ОПЕРАТОР вошел как Прикладной пользователь
21.04.2019 12:37:23 FIX ПРОЧИЕ вошел как Прикладной пользователь
21.04.2019 12:37:24 FIX АДМИНИСТРАТОР вошел как Прикладной пользователь
21.04.2019 12:38:15 FIX АДМИНИСТРАТОР вошел как Прикладной пользователь
21.04.2019 12:39:50 FIX АДМИНИСТРАТОР вошел как Прикладной пользователь
21.04.2019 12:43:10 FIX ОПЕРАТОР вошел как Прикладной пользователь
21.04.2019 14:25:09 FIX ПРОЧИЕ вошел как Прикладной пользователь
21.04.2019 14:25:10 FIX АДМИНИСТРАТОР вошел как Прикладной пользователь
21.04.2019 15:31:41 FIX АДМИНИСТРАТОР вошел как Прикладной пользователь
21.04.2019 15:34:00 FIX АДМИНИСТРАТОР вошел как Прикладной пользователь
21.04.2019 17:07:26 FIX АДМИНИСТРАТОР вошел как Прикладной пользователь
21.04.2019 17:20:10 FIX АДМИНИСТРАТОР вошел как Прикладной пользователь
21.04.2019 17:58:28 FIX ИНЖЕНЕР вошел как Прикладной пользователь
21.04.2019 21:18:28 FIX ПРОЧИЕ вошел как Прикладной пользователь
