19.04.2019 06:43:21 FIX ПРОЧИЕ вошел как Прикладной пользователь
19.04.2019 09:48:01 FIX АДМИНИСТРАТОР вошел как Прикладной пользователь
19.04.2019 09:49:07 FIX ПРОЧИЕ вошел как Прикладной пользователь
19.04.2019 09:49:08 FIX ОПЕРАТОР вошел как Прикладной пользователь
19.04.2019 10:10:02 FIX ПРОЧИЕ вошел как Прикладной пользователь
19.04.2019 10:10:02 FIX КУРАТОР ИНФ БЕЗОП вошел как Прикладной пользователь
19.04.2019 10:11:41 FIX ПРОЧИЕ вошел как Прикладной пользователь
19.04.2019 10:11:42 FIX ИНЖЕНЕР вошел как Прикладной пользователь
19.04.2019 10:13:29 FIX ПРОЧИЕ вошел как Прикладной пользователь
19.04.2019 10:13:29 FIX АДМИНИСТРАТОР вошел как Прикладной пользователь
19.04.2019 10:31:15 FIX ПРОЧИЕ вошел как Прикладной пользователь
19.04.2019 10:31:16 FIX АДМИНИСТРАТОР вошел как Прикладной пользователь
19.04.2019 13:11:23 FIX АДМИНИСТРАТОР вошел как Прикладной пользователь
19.04.2019 13:19:40 FIX АДМИНИСТРАТОР вошел как Прикладной пользователь
19.04.2019 13:20:38 FIX АДМИНИСТРАТОР вошел как Прикладной пользователь
19.04.2019 13:22:37 FIX АДМИНИСТРАТОР вошел как Прикладной пользователь
19.04.2019 13:57:10 FIX ПРОЧИЕ вошел как Прикладной пользователь
19.04.2019 13:57:11 FIX ОПЕРАТОР вошел как Прикладной пользователь
19.04.2019 14:13:51 FIX ПРОЧИЕ вошел как Прикладной пользователь
19.04.2019 14:13:52 FIX АДМИНИСТРАТОР вошел как Прикладной пользователь
19.04.2019 14:16:22 FIX ОПЕРАТОР вошел как Прикладной пользователь
19.04.2019 14:33:21 FIX ПРОЧИЕ вошел как Прикладной пользователь
19.04.2019 14:33:22 FIX АДМИНИСТРАТОР вошел как Прикладной пользователь
19.04.2019 18:08:51 FIX АДМИНИСТРАТОР вошел как Прикладной пользователь
19.04.2019 19:40:28 FIX АДМИНИСТРАТОР вошел как Прикладной пользователь
