08.04.2019 07:37:33 FIX АДМИНИСТРАТОР вошел как Прикладной пользователь
08.04.2019 09:03:49 FIX АДМИНИСТРАТОР вошел как Прикладной пользователь
08.04.2019 09:12:31 FIX АДМИНИСТРАТОР вошел как Прикладной пользователь
08.04.2019 09:42:51 FIX АДМИНИСТРАТОР вошел как Прикладной пользователь
08.04.2019 14:37:31 FIX ИНЖЕНЕР вошел как Прикладной пользователь
08.04.2019 16:20:13 FIX ПРОЧИЕ вошел как Прикладной пользователь
08.04.2019 16:20:14 FIX АДМИНИСТРАТОР вошел как Прикладной пользователь
08.04.2019 16:51:30 FIX АДМИНИСТРАТОР вошел как Прикладной пользователь
08.04.2019 17:04:25 FIX АДМИНИСТРАТОР вошел как Прикладной пользователь
08.04.2019 17:18:10 FIX НАРУШЕНИЕ ЗАЩИТЫ: ПРОЧИЕ доступ к  ПРИКЛАДНОЙ ФУНКЦИИ Runtime Visual Basic Editor Access
08.04.2019 17:18:10 FIX НАРУШЕНИЕ ЗАЩИТЫ: ПРОЧИЕ доступ к  ПРИКЛАДНОЙ ФУНКЦИИ Runtime Visual Basic Editor Access
08.04.2019 17:18:51 FIX НАРУШЕНИЕ ЗАЩИТЫ: ПРОЧИЕ доступ к  ПРИКЛАДНОЙ ФУНКЦИИ iFIX - System Shutdown
08.04.2019 17:19:41 FIX НАРУШЕНИЕ ЗАЩИТЫ: ПРОЧИЕ доступ к  ПРИКЛАДНОЙ ФУНКЦИИ Runtime Visual Basic Editor Access
08.04.2019 17:19:41 FIX НАРУШЕНИЕ ЗАЩИТЫ: ПРОЧИЕ доступ к  ПРИКЛАДНОЙ ФУНКЦИИ Runtime Visual Basic Editor Access
08.04.2019 17:20:29 FIX НАРУШЕНИЕ ЗАЩИТЫ: ПРОЧИЕ доступ к  ПРИКЛАДНОЙ ФУНКЦИИ iFIX - System Shutdown
08.04.2019 17:24:45 FIX ИНЖЕНЕР вошел как Прикладной пользователь
08.04.2019 19:23:41 FIX ПРОЧИЕ вошел как Прикладной пользователь
08.04.2019 19:23:42 FIX АДМИНИСТРАТОР вошел как Прикладной пользователь
08.04.2019 19:37:47 FIX ИНЖЕНЕР вошел как Прикладной пользователь
08.04.2019 19:38:54 FIX ПРОЧИЕ вошел как Прикладной пользователь
08.04.2019 19:38:55 FIX АДМИНИСТРАТОР вошел как Прикладной пользователь
08.04.2019 19:42:50 FIX ИНЖЕНЕР вошел как Прикладной пользователь
08.04.2019 23:02:50 FIX ПРОЧИЕ вошел как Прикладной пользователь
