18.04.2019 07:58:11 FIX АДМИНИСТРАТОР вошел как Прикладной пользователь
18.04.2019 09:46:16 FIX АДМИНИСТРАТОР вошел как Прикладной пользователь
18.04.2019 11:43:07 FIX АДМИНИСТРАТОР вошел как Прикладной пользователь
18.04.2019 11:45:48 FIX ОПЕРАТОР вошел как Прикладной пользователь
18.04.2019 11:46:01 FIX ПРОЧИЕ вошел как Прикладной пользователь
18.04.2019 11:46:02 FIX АДМИНИСТРАТОР вошел как Прикладной пользователь
18.04.2019 11:47:19 FIX АДМИНИСТРАТОР вошел как Прикладной пользователь
18.04.2019 11:48:32 FIX НАРУШЕНИЕ ЗАЩИТЫ: ПРОЧИЕ доступ к  ПРИКЛАДНОЙ ФУНКЦИИ iFIX - System Shutdown
18.04.2019 11:49:14 FIX АДМИНИСТРАТОР вошел как Прикладной пользователь
18.04.2019 11:50:15 FIX АДМИНИСТРАТОР вошел как Прикладной пользователь
18.04.2019 11:51:15 FIX АДМИНИСТРАТОР вошел как Прикладной пользователь
18.04.2019 11:52:51 FIX АДМИНИСТРАТОР вошел как Прикладной пользователь
18.04.2019 11:53:39 FIX АДМИНИСТРАТОР вошел как Прикладной пользователь
18.04.2019 11:54:49 FIX АДМИНИСТРАТОР вошел как Прикладной пользователь
18.04.2019 11:55:40 FIX АДМИНИСТРАТОР вошел как Прикладной пользователь
18.04.2019 11:57:18 FIX АДМИНИСТРАТОР вошел как Прикладной пользователь
18.04.2019 11:58:08 FIX АДМИНИСТРАТОР вошел как Прикладной пользователь
18.04.2019 12:04:42 FIX АДМИНИСТРАТОР вошел как Прикладной пользователь
18.04.2019 12:44:38 FIX АДМИНИСТРАТОР вошел как Прикладной пользователь
18.04.2019 13:13:15 FIX АДМИНИСТРАТОР вошел как Прикладной пользователь
18.04.2019 15:55:12 FIX ИНЖЕНЕР вошел как Прикладной пользователь
18.04.2019 17:34:09 FIX ПРОЧИЕ вошел как Прикладной пользователь
18.04.2019 17:34:10 FIX АДМИНИСТРАТОР вошел как Прикладной пользователь
18.04.2019 17:46:02 FIX АДМИНИСТРАТОР вошел как Прикладной пользователь
18.04.2019 17:47:08 FIX АДМИНИСТРАТОР вошел как Прикладной пользователь
18.04.2019 17:50:16 FIX АДМИНИСТРАТОР вошел как Прикладной пользователь
18.04.2019 18:10:08 FIX ИНЖЕНЕР вошел как Прикладной пользователь
18.04.2019 18:13:20 FIX ПРОЧИЕ вошел как Прикладной пользователь
18.04.2019 18:13:21 FIX АДМИНИСТРАТОР вошел как Прикладной пользователь
