05.04.2019 08:30:03 FIX НАРУШЕНИЕ ЗАЩИТЫ: ПРОЧИЕ доступ к  ПРИКЛАДНОЙ ФУНКЦИИ Runtime Visual Basic Editor Access
05.04.2019 08:30:03 FIX НАРУШЕНИЕ ЗАЩИТЫ: ПРОЧИЕ доступ к  ПРИКЛАДНОЙ ФУНКЦИИ Runtime Visual Basic Editor Access
05.04.2019 08:31:15 FIX НАРУШЕНИЕ ЗАЩИТЫ: ПРОЧИЕ доступ к  ПРИКЛАДНОЙ ФУНКЦИИ WorkSpace Configure
05.04.2019 08:31:17 FIX НАРУШЕНИЕ ЗАЩИТЫ: ПРОЧИЕ доступ к  ПРИКЛАДНОЙ ФУНКЦИИ WorkSpace Configure
05.04.2019 08:31:17 FIX НАРУШЕНИЕ ЗАЩИТЫ: ПРОЧИЕ доступ к  ПРИКЛАДНОЙ ФУНКЦИИ WorkSpace Configure
05.04.2019 08:31:17 FIX НАРУШЕНИЕ ЗАЩИТЫ: ПРОЧИЕ доступ к  ПРИКЛАДНОЙ ФУНКЦИИ WorkSpace Configure
05.04.2019 08:31:17 FIX НАРУШЕНИЕ ЗАЩИТЫ: ПРОЧИЕ доступ к  ПРИКЛАДНОЙ ФУНКЦИИ WorkSpace Configure
05.04.2019 08:31:17 FIX НАРУШЕНИЕ ЗАЩИТЫ: ПРОЧИЕ доступ к  ПРИКЛАДНОЙ ФУНКЦИИ WorkSpace Configure
05.04.2019 08:31:17 FIX НАРУШЕНИЕ ЗАЩИТЫ: ПРОЧИЕ доступ к  ПРИКЛАДНОЙ ФУНКЦИИ WorkSpace Configure
05.04.2019 08:31:18 FIX НАРУШЕНИЕ ЗАЩИТЫ: ПРОЧИЕ доступ к  ПРИКЛАДНОЙ ФУНКЦИИ WorkSpace Configure
05.04.2019 08:31:18 FIX НАРУШЕНИЕ ЗАЩИТЫ: ПРОЧИЕ доступ к  ПРИКЛАДНОЙ ФУНКЦИИ WorkSpace Configure
05.04.2019 08:31:52 FIX НАРУШЕНИЕ ЗАЩИТЫ: ПРОЧИЕ доступ к  ПРИКЛАДНОЙ ФУНКЦИИ iFIX - System Shutdown
05.04.2019 08:32:02 FIX НАРУШЕНИЕ ЗАЩИТЫ: ПРОЧИЕ доступ к  ПРИКЛАДНОЙ ФУНКЦИИ iFIX - System Shutdown
05.04.2019 08:57:55 FIX НАРУШЕНИЕ ЗАЩИТЫ: ПРОЧИЕ доступ к  ПРИКЛАДНОЙ ФУНКЦИИ Runtime Visual Basic Editor Access
05.04.2019 08:57:55 FIX НАРУШЕНИЕ ЗАЩИТЫ: ПРОЧИЕ доступ к  ПРИКЛАДНОЙ ФУНКЦИИ Runtime Visual Basic Editor Access
05.04.2019 09:16:07 FIX ИНЖЕНЕР вошел как Прикладной пользователь
05.04.2019 09:17:02 FIX ПРОЧИЕ вошел как Прикладной пользователь
05.04.2019 09:17:03 FIX АДМИНИСТРАТОР вошел как Прикладной пользователь
05.04.2019 09:19:50 FIX АДМИНИСТРАТОР вошел как Прикладной пользователь
05.04.2019 09:21:58 FIX ИНЖЕНЕР вошел как Прикладной пользователь
05.04.2019 09:22:02 FIX НАРУШЕНИЕ ЗАЩИТЫ: ИНЖЕНЕР доступ к  ПРИКЛАДНОЙ ФУНКЦИИ Runtime Visual Basic Editor Access
05.04.2019 09:22:02 FIX НАРУШЕНИЕ ЗАЩИТЫ: ИНЖЕНЕР доступ к  ПРИКЛАДНОЙ ФУНКЦИИ Runtime Visual Basic Editor Access
05.04.2019 09:22:03 FIX НАРУШЕНИЕ ЗАЩИТЫ: ИНЖЕНЕР доступ к  ПРИКЛАДНОЙ ФУНКЦИИ Runtime Visual Basic Editor Access
05.04.2019 09:22:03 FIX НАРУШЕНИЕ ЗАЩИТЫ: ИНЖЕНЕР доступ к  ПРИКЛАДНОЙ ФУНКЦИИ Runtime Visual Basic Editor Access
05.04.2019 09:22:07 FIX НАРУШЕНИЕ ЗАЩИТЫ: ИНЖЕНЕР доступ к  ПРИКЛАДНОЙ ФУНКЦИИ Runtime Visual Basic Editor Access
05.04.2019 09:22:07 FIX НАРУШЕНИЕ ЗАЩИТЫ: ИНЖЕНЕР доступ к  ПРИКЛАДНОЙ ФУНКЦИИ Runtime Visual Basic Editor Access
05.04.2019 09:22:09 FIX НАРУШЕНИЕ ЗАЩИТЫ: ИНЖЕНЕР доступ к  ПРИКЛАДНОЙ ФУНКЦИИ Runtime Visual Basic Editor Access
05.04.2019 09:22:09 FIX НАРУШЕНИЕ ЗАЩИТЫ: ИНЖЕНЕР доступ к  ПРИКЛАДНОЙ ФУНКЦИИ Runtime Visual Basic Editor Access
05.04.2019 09:22:29 FIX ПРОЧИЕ вошел как Прикладной пользователь
05.04.2019 09:22:29 FIX АДМИНИСТРАТОР вошел как Прикладной пользователь
05.04.2019 09:27:03 FIX ИНЖЕНЕР вошел как Прикладной пользователь
05.04.2019 09:32:09 FIX ПРОЧИЕ вошел как Прикладной пользователь
05.04.2019 09:32:09 FIX АДМИНИСТРАТОР вошел как Прикладной пользователь
05.04.2019 09:35:41 FIX АДМИНИСТРАТОР вошел как Прикладной пользователь
05.04.2019 09:51:00 FIX АДМИНИСТРАТОР вошел как Прикладной пользователь
05.04.2019 09:53:57 FIX НАРУШЕНИЕ ЗАЩИТЫ: ПРОЧИЕ доступ к  ПРИКЛАДНОЙ ФУНКЦИИ Runtime Visual Basic Editor Access
05.04.2019 09:53:57 FIX НАРУШЕНИЕ ЗАЩИТЫ: ПРОЧИЕ доступ к  ПРИКЛАДНОЙ ФУНКЦИИ Runtime Visual Basic Editor Access
05.04.2019 09:59:51 FIX НАРУШЕНИЕ ЗАЩИТЫ: ПРОЧИЕ доступ к  ПРИКЛАДНОЙ ФУНКЦИИ iFIX - System Shutdown
05.04.2019 10:00:43 FIX НАРУШЕНИЕ ЗАЩИТЫ: ПРОЧИЕ доступ к  ПРИКЛАДНОЙ ФУНКЦИИ Runtime Visual Basic Editor Access
05.04.2019 10:00:43 FIX НАРУШЕНИЕ ЗАЩИТЫ: ПРОЧИЕ доступ к  ПРИКЛАДНОЙ ФУНКЦИИ Runtime Visual Basic Editor Access
05.04.2019 10:01:53 FIX НАРУШЕНИЕ ЗАЩИТЫ: ПРОЧИЕ доступ к  ПРИКЛАДНОЙ ФУНКЦИИ iFIX - System Shutdown
05.04.2019 10:05:08 FIX ИНЖЕНЕР вошел как Прикладной пользователь
05.04.2019 10:05:25 FIX НАРУШЕНИЕ ЗАЩИТЫ: ИНЖЕНЕР доступ к  ПРИКЛАДНОЙ ФУНКЦИИ Runtime Visual Basic Editor Access
05.04.2019 10:05:25 FIX НАРУШЕНИЕ ЗАЩИТЫ: ИНЖЕНЕР доступ к  ПРИКЛАДНОЙ ФУНКЦИИ Runtime Visual Basic Editor Access
05.04.2019 10:05:29 FIX НАРУШЕНИЕ ЗАЩИТЫ: ИНЖЕНЕР доступ к  ПРИКЛАДНОЙ ФУНКЦИИ Runtime Visual Basic Editor Access
05.04.2019 10:05:29 FIX НАРУШЕНИЕ ЗАЩИТЫ: ИНЖЕНЕР доступ к  ПРИКЛАДНОЙ ФУНКЦИИ Runtime Visual Basic Editor Access
05.04.2019 10:06:01 FIX НАРУШЕНИЕ ЗАЩИТЫ: ИНЖЕНЕР доступ к  ПРИКЛАДНОЙ ФУНКЦИИ Runtime Visual Basic Editor Access
05.04.2019 10:06:01 FIX НАРУШЕНИЕ ЗАЩИТЫ: ИНЖЕНЕР доступ к  ПРИКЛАДНОЙ ФУНКЦИИ Runtime Visual Basic Editor Access
05.04.2019 10:08:50 FIX НАРУШЕНИЕ ЗАЩИТЫ: ИНЖЕНЕР доступ к  ПРИКЛАДНОЙ ФУНКЦИИ WorkSpace Configure
05.04.2019 10:09:07 FIX ПРОЧИЕ вошел как Прикладной пользователь
05.04.2019 10:09:09 FIX АДМИНИСТРАТОР вошел как Прикладной пользователь
05.04.2019 10:12:42 FIX АДМИНИСТРАТОР вошел как Прикладной пользователь
05.04.2019 10:23:40 FIX ИНЖЕНЕР вошел как Прикладной пользователь
05.04.2019 10:23:43 FIX НАРУШЕНИЕ ЗАЩИТЫ: ИНЖЕНЕР доступ к  ПРИКЛАДНОЙ ФУНКЦИИ Runtime Visual Basic Editor Access
05.04.2019 10:23:43 FIX НАРУШЕНИЕ ЗАЩИТЫ: ИНЖЕНЕР доступ к  ПРИКЛАДНОЙ ФУНКЦИИ Runtime Visual Basic Editor Access
05.04.2019 10:23:43 FIX НАРУШЕНИЕ ЗАЩИТЫ: ИНЖЕНЕР доступ к  ПРИКЛАДНОЙ ФУНКЦИИ Runtime Visual Basic Editor Access
05.04.2019 10:23:43 FIX НАРУШЕНИЕ ЗАЩИТЫ: ИНЖЕНЕР доступ к  ПРИКЛАДНОЙ ФУНКЦИИ Runtime Visual Basic Editor Access
05.04.2019 10:23:48 FIX НАРУШЕНИЕ ЗАЩИТЫ: ИНЖЕНЕР доступ к  ПРИКЛАДНОЙ ФУНКЦИИ Runtime Visual Basic Editor Access
05.04.2019 10:23:48 FIX НАРУШЕНИЕ ЗАЩИТЫ: ИНЖЕНЕР доступ к  ПРИКЛАДНОЙ ФУНКЦИИ Runtime Visual Basic Editor Access
05.04.2019 10:23:53 FIX НАРУШЕНИЕ ЗАЩИТЫ: ИНЖЕНЕР доступ к  ПРИКЛАДНОЙ ФУНКЦИИ Runtime Visual Basic Editor Access
05.04.2019 10:23:53 FIX НАРУШЕНИЕ ЗАЩИТЫ: ИНЖЕНЕР доступ к  ПРИКЛАДНОЙ ФУНКЦИИ Runtime Visual Basic Editor Access
05.04.2019 10:23:54 FIX НАРУШЕНИЕ ЗАЩИТЫ: ИНЖЕНЕР доступ к  ПРИКЛАДНОЙ ФУНКЦИИ Runtime Visual Basic Editor Access
05.04.2019 10:23:54 FIX НАРУШЕНИЕ ЗАЩИТЫ: ИНЖЕНЕР доступ к  ПРИКЛАДНОЙ ФУНКЦИИ Runtime Visual Basic Editor Access
05.04.2019 10:23:55 FIX НАРУШЕНИЕ ЗАЩИТЫ: ИНЖЕНЕР доступ к  ПРИКЛАДНОЙ ФУНКЦИИ Runtime Visual Basic Editor Access
05.04.2019 10:23:55 FIX НАРУШЕНИЕ ЗАЩИТЫ: ИНЖЕНЕР доступ к  ПРИКЛАДНОЙ ФУНКЦИИ Runtime Visual Basic Editor Access
05.04.2019 10:23:59 FIX НАРУШЕНИЕ ЗАЩИТЫ: ИНЖЕНЕР доступ к  ПРИКЛАДНОЙ ФУНКЦИИ Runtime Visual Basic Editor Access
05.04.2019 10:23:59 FIX НАРУШЕНИЕ ЗАЩИТЫ: ИНЖЕНЕР доступ к  ПРИКЛАДНОЙ ФУНКЦИИ Runtime Visual Basic Editor Access
05.04.2019 10:24:00 FIX НАРУШЕНИЕ ЗАЩИТЫ: ИНЖЕНЕР доступ к  ПРИКЛАДНОЙ ФУНКЦИИ Runtime Visual Basic Editor Access
05.04.2019 10:24:00 FIX НАРУШЕНИЕ ЗАЩИТЫ: ИНЖЕНЕР доступ к  ПРИКЛАДНОЙ ФУНКЦИИ Runtime Visual Basic Editor Access
05.04.2019 10:24:05 FIX НАРУШЕНИЕ ЗАЩИТЫ: ИНЖЕНЕР доступ к  ПРИКЛАДНОЙ ФУНКЦИИ Runtime Visual Basic Editor Access
05.04.2019 10:24:05 FIX НАРУШЕНИЕ ЗАЩИТЫ: ИНЖЕНЕР доступ к  ПРИКЛАДНОЙ ФУНКЦИИ Runtime Visual Basic Editor Access
05.04.2019 10:24:06 FIX НАРУШЕНИЕ ЗАЩИТЫ: ИНЖЕНЕР доступ к  ПРИКЛАДНОЙ ФУНКЦИИ Runtime Visual Basic Editor Access
05.04.2019 10:24:06 FIX НАРУШЕНИЕ ЗАЩИТЫ: ИНЖЕНЕР доступ к  ПРИКЛАДНОЙ ФУНКЦИИ Runtime Visual Basic Editor Access
05.04.2019 10:24:11 FIX НАРУШЕНИЕ ЗАЩИТЫ: ИНЖЕНЕР доступ к  ПРИКЛАДНОЙ ФУНКЦИИ Runtime Visual Basic Editor Access
05.04.2019 10:24:11 FIX НАРУШЕНИЕ ЗАЩИТЫ: ИНЖЕНЕР доступ к  ПРИКЛАДНОЙ ФУНКЦИИ Runtime Visual Basic Editor Access
05.04.2019 10:24:12 FIX НАРУШЕНИЕ ЗАЩИТЫ: ИНЖЕНЕР доступ к  ПРИКЛАДНОЙ ФУНКЦИИ WorkSpace Configure
05.04.2019 10:24:13 FIX НАРУШЕНИЕ ЗАЩИТЫ: ИНЖЕНЕР доступ к  ПРИКЛАДНОЙ ФУНКЦИИ Runtime Visual Basic Editor Access
05.04.2019 10:24:13 FIX НАРУШЕНИЕ ЗАЩИТЫ: ИНЖЕНЕР доступ к  ПРИКЛАДНОЙ ФУНКЦИИ Runtime Visual Basic Editor Access
05.04.2019 10:24:25 FIX ПРОЧИЕ вошел как Прикладной пользователь
05.04.2019 10:24:25 FIX АДМИНИСТРАТОР вошел как Прикладной пользователь
05.04.2019 10:39:28 FIX АДМИНИСТРАТОР вошел как Прикладной пользователь
05.04.2019 10:44:16 FIX АДМИНИСТРАТОР вошел как Прикладной пользователь
05.04.2019 10:46:55 FIX АДМИНИСТРАТОР вошел как Прикладной пользователь
05.04.2019 10:48:38 FIX АДМИНИСТРАТОР вошел как Прикладной пользователь
05.04.2019 10:49:48 FIX ИНЖЕНЕР вошел как Прикладной пользователь
05.04.2019 10:51:06 FIX НАРУШЕНИЕ ЗАЩИТЫ: ИНЖЕНЕР доступ к  ПРИКЛАДНОЙ ФУНКЦИИ Runtime Visual Basic Editor Access
05.04.2019 10:51:06 FIX НАРУШЕНИЕ ЗАЩИТЫ: ИНЖЕНЕР доступ к  ПРИКЛАДНОЙ ФУНКЦИИ Runtime Visual Basic Editor Access
05.04.2019 10:51:14 FIX НАРУШЕНИЕ ЗАЩИТЫ: ИНЖЕНЕР доступ к  ПРИКЛАДНОЙ ФУНКЦИИ Runtime Visual Basic Editor Access
05.04.2019 10:51:14 FIX НАРУШЕНИЕ ЗАЩИТЫ: ИНЖЕНЕР доступ к  ПРИКЛАДНОЙ ФУНКЦИИ Runtime Visual Basic Editor Access
05.04.2019 10:51:25 FIX НАРУШЕНИЕ ЗАЩИТЫ: ИНЖЕНЕР доступ к  ПРИКЛАДНОЙ ФУНКЦИИ Runtime Visual Basic Editor Access
05.04.2019 10:51:25 FIX НАРУШЕНИЕ ЗАЩИТЫ: ИНЖЕНЕР доступ к  ПРИКЛАДНОЙ ФУНКЦИИ Runtime Visual Basic Editor Access
05.04.2019 10:51:40 FIX НАРУШЕНИЕ ЗАЩИТЫ: ИНЖЕНЕР доступ к  ПРИКЛАДНОЙ ФУНКЦИИ Runtime Visual Basic Editor Access
05.04.2019 10:51:40 FIX НАРУШЕНИЕ ЗАЩИТЫ: ИНЖЕНЕР доступ к  ПРИКЛАДНОЙ ФУНКЦИИ Runtime Visual Basic Editor Access
05.04.2019 11:18:50 FIX ПРОЧИЕ вошел как Прикладной пользователь
05.04.2019 11:18:50 FIX АДМИНИСТРАТОР вошел как Прикладной пользователь
05.04.2019 11:20:56 FIX ИНЖЕНЕР вошел как Прикладной пользователь
05.04.2019 11:21:00 FIX НАРУШЕНИЕ ЗАЩИТЫ: ИНЖЕНЕР доступ к  ПРИКЛАДНОЙ ФУНКЦИИ Runtime Visual Basic Editor Access
05.04.2019 11:21:00 FIX НАРУШЕНИЕ ЗАЩИТЫ: ИНЖЕНЕР доступ к  ПРИКЛАДНОЙ ФУНКЦИИ Runtime Visual Basic Editor Access
05.04.2019 11:21:03 FIX НАРУШЕНИЕ ЗАЩИТЫ: ИНЖЕНЕР доступ к  ПРИКЛАДНОЙ ФУНКЦИИ Runtime Visual Basic Editor Access
05.04.2019 11:21:03 FIX НАРУШЕНИЕ ЗАЩИТЫ: ИНЖЕНЕР доступ к  ПРИКЛАДНОЙ ФУНКЦИИ Runtime Visual Basic Editor Access
05.04.2019 11:21:08 FIX НАРУШЕНИЕ ЗАЩИТЫ: ИНЖЕНЕР доступ к  ПРИКЛАДНОЙ ФУНКЦИИ Runtime Visual Basic Editor Access
05.04.2019 11:21:08 FIX НАРУШЕНИЕ ЗАЩИТЫ: ИНЖЕНЕР доступ к  ПРИКЛАДНОЙ ФУНКЦИИ Runtime Visual Basic Editor Access
05.04.2019 11:21:12 FIX НАРУШЕНИЕ ЗАЩИТЫ: ИНЖЕНЕР доступ к  ПРИКЛАДНОЙ ФУНКЦИИ WorkSpace Configure
05.04.2019 11:21:20 FIX НАРУШЕНИЕ ЗАЩИТЫ: ИНЖЕНЕР доступ к  ПРИКЛАДНОЙ ФУНКЦИИ WorkSpace Configure
05.04.2019 11:21:40 FIX АДМИНИСТРАТОР вошел как Прикладной пользователь
05.04.2019 11:27:02 FIX ИНЖЕНЕР вошел как Прикладной пользователь
05.04.2019 11:27:05 FIX НАРУШЕНИЕ ЗАЩИТЫ: ИНЖЕНЕР доступ к  ПРИКЛАДНОЙ ФУНКЦИИ Runtime Visual Basic Editor Access
05.04.2019 11:27:05 FIX НАРУШЕНИЕ ЗАЩИТЫ: ИНЖЕНЕР доступ к  ПРИКЛАДНОЙ ФУНКЦИИ Runtime Visual Basic Editor Access
05.04.2019 11:27:07 FIX НАРУШЕНИЕ ЗАЩИТЫ: ИНЖЕНЕР доступ к  ПРИКЛАДНОЙ ФУНКЦИИ Runtime Visual Basic Editor Access
05.04.2019 11:27:07 FIX НАРУШЕНИЕ ЗАЩИТЫ: ИНЖЕНЕР доступ к  ПРИКЛАДНОЙ ФУНКЦИИ Runtime Visual Basic Editor Access
05.04.2019 11:28:19 FIX ПРОЧИЕ вошел как Прикладной пользователь
05.04.2019 11:28:20 FIX АДМИНИСТРАТОР вошел как Прикладной пользователь
05.04.2019 11:33:18 FIX АДМИНИСТРАТОР вошел как Прикладной пользователь
05.04.2019 11:41:39 FIX АДМИНИСТРАТОР вошел как Прикладной пользователь
05.04.2019 13:23:19 FIX АДМИНИСТРАТОР вошел как Прикладной пользователь
05.04.2019 15:19:58 FIX АДМИНИСТРАТОР вошел как Прикладной пользователь
05.04.2019 16:54:57 FIX ИНЖЕНЕР вошел как Прикладной пользователь
05.04.2019 17:50:57 FIX ПРОЧИЕ вошел как Прикладной пользователь
05.04.2019 17:50:57 FIX АДМИНИСТРАТОР вошел как Прикладной пользователь
05.04.2019 17:53:10 FIX АДМИНИСТРАТОР вошел как Прикладной пользователь
05.04.2019 18:00:56 FIX АДМИНИСТРАТОР вошел как Прикладной пользователь
05.04.2019 18:14:57 FIX АДМИНИСТРАТОР вошел как Прикладной пользователь
05.04.2019 18:50:09 FIX ИНЖЕНЕР вошел как Прикладной пользователь
05.04.2019 22:10:09 FIX ПРОЧИЕ вошел как Прикладной пользователь
