04.04.2019 08:44:35 FIX АДМИНИСТРАТОР вошел как Прикладной пользователь
04.04.2019 08:54:08 FIX ПРОЧИЕ вошел как Прикладной пользователь
04.04.2019 08:54:21 FIX АДМИНИСТРАТОР вошел как Прикладной пользователь
04.04.2019 09:32:01 FIX ИНЖЕНЕР вошел как Прикладной пользователь
04.04.2019 09:34:10 FIX ПРОЧИЕ вошел как Прикладной пользователь
04.04.2019 09:34:10 FIX АДМИНИСТРАТОР вошел как Прикладной пользователь
04.04.2019 09:36:11 FIX ИНЖЕНЕР вошел как Прикладной пользователь
04.04.2019 09:38:24 FIX ПРОЧИЕ вошел как Прикладной пользователь
04.04.2019 09:38:25 FIX АДМИНИСТРАТОР вошел как Прикладной пользователь
04.04.2019 09:42:57 FIX ИНЖЕНЕР вошел как Прикладной пользователь
04.04.2019 10:57:39 FIX ПРОЧИЕ вошел как Прикладной пользователь
04.04.2019 10:57:40 FIX АДМИНИСТРАТОР вошел как Прикладной пользователь
04.04.2019 11:27:46 FIX АДМИНИСТРАТОР вошел как Прикладной пользователь
04.04.2019 11:42:02 FIX АДМИНИСТРАТОР вошел как Прикладной пользователь
04.04.2019 11:45:23 FIX АДМИНИСТРАТОР вошел как Прикладной пользователь
04.04.2019 11:49:06 FIX АДМИНИСТРАТОР вошел как Прикладной пользователь
04.04.2019 11:56:40 FIX АДМИНИСТРАТОР вошел как Прикладной пользователь
04.04.2019 12:00:01 FIX АДМИНИСТРАТОР вошел как Прикладной пользователь
04.04.2019 12:01:56 FIX АДМИНИСТРАТОР вошел как Прикладной пользователь
04.04.2019 12:03:46 FIX АДМИНИСТРАТОР вошел как Прикладной пользователь
04.04.2019 12:11:14 FIX АДМИНИСТРАТОР вошел как Прикладной пользователь
04.04.2019 12:15:22 FIX АДМИНИСТРАТОР вошел как Прикладной пользователь
04.04.2019 12:26:32 FIX АДМИНИСТРАТОР вошел как Прикладной пользователь
04.04.2019 12:28:09 FIX АДМИНИСТРАТОР вошел как Прикладной пользователь
04.04.2019 12:31:08 FIX АДМИНИСТРАТОР вошел как Прикладной пользователь
04.04.2019 12:34:14 FIX АДМИНИСТРАТОР вошел как Прикладной пользователь
04.04.2019 13:05:19 FIX АДМИНИСТРАТОР вошел как Прикладной пользователь
04.04.2019 13:10:15 FIX АДМИНИСТРАТОР вошел как Прикладной пользователь
04.04.2019 13:28:21 FIX ИНЖЕНЕР вошел как Прикладной пользователь
04.04.2019 13:30:24 FIX ПРОЧИЕ вошел как Прикладной пользователь
04.04.2019 13:30:24 FIX АДМИНИСТРАТОР вошел как Прикладной пользователь
04.04.2019 13:35:56 FIX ИНЖЕНЕР вошел как Прикладной пользователь
04.04.2019 13:36:46 FIX ПРОЧИЕ вошел как Прикладной пользователь
04.04.2019 13:36:46 FIX АДМИНИСТРАТОР вошел как Прикладной пользователь
04.04.2019 13:38:37 FIX АДМИНИСТРАТОР вошел как Прикладной пользователь
04.04.2019 13:41:52 FIX АДМИНИСТРАТОР вошел как Прикладной пользователь
04.04.2019 13:59:04 FIX АДМИНИСТРАТОР вошел как Прикладной пользователь
04.04.2019 14:03:02 FIX ИНЖЕНЕР вошел как Прикладной пользователь
04.04.2019 14:04:42 FIX ПРОЧИЕ вошел как Прикладной пользователь
04.04.2019 14:04:43 FIX АДМИНИСТРАТОР вошел как Прикладной пользователь
04.04.2019 14:10:54 FIX ИНЖЕНЕР вошел как Прикладной пользователь
04.04.2019 14:16:07 FIX ПРОЧИЕ вошел как Прикладной пользователь
04.04.2019 14:16:07 FIX АДМИНИСТРАТОР вошел как Прикладной пользователь
04.04.2019 14:42:56 FIX АДМИНИСТРАТОР вошел как Прикладной пользователь
04.04.2019 14:49:09 FIX АДМИНИСТРАТОР вошел как Прикладной пользователь
04.04.2019 15:04:25 FIX ИНЖЕНЕР вошел как Прикладной пользователь
04.04.2019 15:04:46 FIX ПРОЧИЕ вошел как Прикладной пользователь
04.04.2019 15:04:47 FIX АДМИНИСТРАТОР вошел как Прикладной пользователь
04.04.2019 15:11:55 FIX АДМИНИСТРАТОР вошел как Прикладной пользователь
04.04.2019 15:16:35 FIX ИНЖЕНЕР вошел как Прикладной пользователь
04.04.2019 15:16:47 FIX ПРОЧИЕ вошел как Прикладной пользователь
04.04.2019 15:16:55 FIX ИНЖЕНЕР вошел как Прикладной пользователь
04.04.2019 15:18:31 FIX ПРОЧИЕ вошел как Прикладной пользователь
04.04.2019 15:18:31 FIX АДМИНИСТРАТОР вошел как Прикладной пользователь
04.04.2019 15:26:28 FIX ИНЖЕНЕР вошел как Прикладной пользователь
04.04.2019 15:30:41 FIX ПРОЧИЕ вошел как Прикладной пользователь
04.04.2019 15:30:41 FIX АДМИНИСТРАТОР вошел как Прикладной пользователь
04.04.2019 15:31:43 FIX АДМИНИСТРАТОР вошел как Прикладной пользователь
04.04.2019 15:41:04 FIX ИНЖЕНЕР вошел как Прикладной пользователь
04.04.2019 15:42:48 FIX НАРУШЕНИЕ ЗАЩИТЫ: ИНЖЕНЕР доступ к  ПРИКЛАДНОЙ ФУНКЦИИ WorkSpace Configure
04.04.2019 15:42:57 FIX ПРОЧИЕ вошел как Прикладной пользователь
04.04.2019 15:42:58 FIX АДМИНИСТРАТОР вошел как Прикладной пользователь
04.04.2019 15:46:07 FIX ИНЖЕНЕР вошел как Прикладной пользователь
04.04.2019 15:47:01 FIX НАРУШЕНИЕ ЗАЩИТЫ: ИНЖЕНЕР доступ к  ПРИКЛАДНОЙ ФУНКЦИИ WorkSpace Configure
04.04.2019 15:47:33 FIX НАРУШЕНИЕ ЗАЩИТЫ: ИНЖЕНЕР доступ к  ПРИКЛАДНОЙ ФУНКЦИИ WorkSpace Configure
04.04.2019 15:47:44 FIX ПРОЧИЕ вошел как Прикладной пользователь
04.04.2019 15:47:45 FIX АДМИНИСТРАТОР вошел как Прикладной пользователь
04.04.2019 15:50:07 FIX ИНЖЕНЕР вошел как Прикладной пользователь
04.04.2019 15:51:50 FIX НАРУШЕНИЕ ЗАЩИТЫ: ИНЖЕНЕР доступ к  ПРИКЛАДНОЙ ФУНКЦИИ WorkSpace Configure
04.04.2019 15:51:59 FIX ПРОЧИЕ вошел как Прикладной пользователь
04.04.2019 15:51:59 FIX АДМИНИСТРАТОР вошел как Прикладной пользователь
04.04.2019 16:05:35 FIX ИНЖЕНЕР вошел как Прикладной пользователь
04.04.2019 16:06:19 FIX НАРУШЕНИЕ ЗАЩИТЫ: ИНЖЕНЕР доступ к  ПРИКЛАДНОЙ ФУНКЦИИ WorkSpace Configure
04.04.2019 16:06:22 FIX НАРУШЕНИЕ ЗАЩИТЫ: ИНЖЕНЕР доступ к  ПРИКЛАДНОЙ ФУНКЦИИ WorkSpace Configure
04.04.2019 16:06:32 FIX ПРОЧИЕ вошел как Прикладной пользователь
04.04.2019 16:06:32 FIX АДМИНИСТРАТОР вошел как Прикладной пользователь
04.04.2019 16:16:13 FIX АДМИНИСТРАТОР вошел как Прикладной пользователь
04.04.2019 16:55:42 FIX АДМИНИСТРАТОР вошел как Прикладной пользователь
04.04.2019 17:20:33 FIX ИНЖЕНЕР вошел как Прикладной пользователь
04.04.2019 17:21:07 FIX НАРУШЕНИЕ ЗАЩИТЫ: ИНЖЕНЕР доступ к  ПРИКЛАДНОЙ ФУНКЦИИ WorkSpace Configure
04.04.2019 17:21:23 FIX НАРУШЕНИЕ ЗАЩИТЫ: ИНЖЕНЕР доступ к  ПРИКЛАДНОЙ ФУНКЦИИ WorkSpace Configure
04.04.2019 17:21:35 FIX ПРОЧИЕ вошел как Прикладной пользователь
04.04.2019 17:21:35 FIX АДМИНИСТРАТОР вошел как Прикладной пользователь
04.04.2019 17:29:37 FIX АДМИНИСТРАТОР вошел как Прикладной пользователь
04.04.2019 17:30:18 FIX ИНЖЕНЕР вошел как Прикладной пользователь
04.04.2019 17:30:51 FIX ПРОЧИЕ вошел как Прикладной пользователь
04.04.2019 17:30:51 FIX АДМИНИСТРАТОР вошел как Прикладной пользователь
04.04.2019 17:40:04 FIX ИНЖЕНЕР вошел как Прикладной пользователь
04.04.2019 17:40:18 FIX ПРОЧИЕ вошел как Прикладной пользователь
04.04.2019 17:40:18 FIX АДМИНИСТРАТОР вошел как Прикладной пользователь
04.04.2019 17:42:03 FIX АДМИНИСТРАТОР вошел как Прикладной пользователь
04.04.2019 17:44:42 FIX ИНЖЕНЕР вошел как Прикладной пользователь
04.04.2019 17:44:44 FIX НАРУШЕНИЕ ЗАЩИТЫ: ИНЖЕНЕР доступ к  ПРИКЛАДНОЙ ФУНКЦИИ Runtime Visual Basic Editor Access
04.04.2019 17:44:44 FIX НАРУШЕНИЕ ЗАЩИТЫ: ИНЖЕНЕР доступ к  ПРИКЛАДНОЙ ФУНКЦИИ Runtime Visual Basic Editor Access
04.04.2019 17:44:47 FIX НАРУШЕНИЕ ЗАЩИТЫ: ИНЖЕНЕР доступ к  ПРИКЛАДНОЙ ФУНКЦИИ Runtime Visual Basic Editor Access
04.04.2019 17:44:47 FIX НАРУШЕНИЕ ЗАЩИТЫ: ИНЖЕНЕР доступ к  ПРИКЛАДНОЙ ФУНКЦИИ Runtime Visual Basic Editor Access
04.04.2019 17:44:49 FIX НАРУШЕНИЕ ЗАЩИТЫ: ИНЖЕНЕР доступ к  ПРИКЛАДНОЙ ФУНКЦИИ Runtime Visual Basic Editor Access
04.04.2019 17:44:49 FIX НАРУШЕНИЕ ЗАЩИТЫ: ИНЖЕНЕР доступ к  ПРИКЛАДНОЙ ФУНКЦИИ Runtime Visual Basic Editor Access
04.04.2019 17:44:50 FIX НАРУШЕНИЕ ЗАЩИТЫ: ИНЖЕНЕР доступ к  ПРИКЛАДНОЙ ФУНКЦИИ Runtime Visual Basic Editor Access
04.04.2019 17:44:50 FIX НАРУШЕНИЕ ЗАЩИТЫ: ИНЖЕНЕР доступ к  ПРИКЛАДНОЙ ФУНКЦИИ Runtime Visual Basic Editor Access
04.04.2019 17:44:51 FIX НАРУШЕНИЕ ЗАЩИТЫ: ИНЖЕНЕР доступ к  ПРИКЛАДНОЙ ФУНКЦИИ Runtime Visual Basic Editor Access
04.04.2019 17:44:51 FIX НАРУШЕНИЕ ЗАЩИТЫ: ИНЖЕНЕР доступ к  ПРИКЛАДНОЙ ФУНКЦИИ Runtime Visual Basic Editor Access
04.04.2019 17:44:51 FIX НАРУШЕНИЕ ЗАЩИТЫ: ИНЖЕНЕР доступ к  ПРИКЛАДНОЙ ФУНКЦИИ Runtime Visual Basic Editor Access
04.04.2019 17:44:51 FIX НАРУШЕНИЕ ЗАЩИТЫ: ИНЖЕНЕР доступ к  ПРИКЛАДНОЙ ФУНКЦИИ Runtime Visual Basic Editor Access
04.04.2019 17:44:53 FIX НАРУШЕНИЕ ЗАЩИТЫ: ИНЖЕНЕР доступ к  ПРИКЛАДНОЙ ФУНКЦИИ Runtime Visual Basic Editor Access
04.04.2019 17:44:53 FIX НАРУШЕНИЕ ЗАЩИТЫ: ИНЖЕНЕР доступ к  ПРИКЛАДНОЙ ФУНКЦИИ Runtime Visual Basic Editor Access
04.04.2019 17:45:05 FIX ПРОЧИЕ вошел как Прикладной пользователь
04.04.2019 17:45:05 FIX АДМИНИСТРАТОР вошел как Прикладной пользователь
04.04.2019 17:46:24 FIX ИНЖЕНЕР вошел как Прикладной пользователь
04.04.2019 17:48:45 FIX НАРУШЕНИЕ ЗАЩИТЫ: ИНЖЕНЕР доступ к  ПРИКЛАДНОЙ ФУНКЦИИ WorkSpace Configure
04.04.2019 17:49:21 FIX ПРОЧИЕ вошел как Прикладной пользователь
04.04.2019 17:49:21 FIX АДМИНИСТРАТОР вошел как Прикладной пользователь
04.04.2019 17:51:12 FIX ИНЖЕНЕР вошел как Прикладной пользователь
04.04.2019 17:52:15 FIX ПРОЧИЕ вошел как Прикладной пользователь
04.04.2019 17:52:16 FIX АДМИНИСТРАТОР вошел как Прикладной пользователь
04.04.2019 17:55:24 FIX ИНЖЕНЕР вошел как Прикладной пользователь
04.04.2019 17:55:25 FIX НАРУШЕНИЕ ЗАЩИТЫ: ИНЖЕНЕР доступ к  ПРИКЛАДНОЙ ФУНКЦИИ Runtime Visual Basic Editor Access
04.04.2019 17:55:25 FIX НАРУШЕНИЕ ЗАЩИТЫ: ИНЖЕНЕР доступ к  ПРИКЛАДНОЙ ФУНКЦИИ Runtime Visual Basic Editor Access
04.04.2019 17:55:27 FIX НАРУШЕНИЕ ЗАЩИТЫ: ИНЖЕНЕР доступ к  ПРИКЛАДНОЙ ФУНКЦИИ Runtime Visual Basic Editor Access
04.04.2019 17:55:27 FIX НАРУШЕНИЕ ЗАЩИТЫ: ИНЖЕНЕР доступ к  ПРИКЛАДНОЙ ФУНКЦИИ Runtime Visual Basic Editor Access
04.04.2019 17:55:35 FIX НАРУШЕНИЕ ЗАЩИТЫ: ИНЖЕНЕР доступ к  ПРИКЛАДНОЙ ФУНКЦИИ Runtime Visual Basic Editor Access
04.04.2019 17:55:35 FIX НАРУШЕНИЕ ЗАЩИТЫ: ИНЖЕНЕР доступ к  ПРИКЛАДНОЙ ФУНКЦИИ Runtime Visual Basic Editor Access
04.04.2019 17:55:40 FIX НАРУШЕНИЕ ЗАЩИТЫ: ИНЖЕНЕР доступ к  ПРИКЛАДНОЙ ФУНКЦИИ Runtime Visual Basic Editor Access
04.04.2019 17:55:40 FIX НАРУШЕНИЕ ЗАЩИТЫ: ИНЖЕНЕР доступ к  ПРИКЛАДНОЙ ФУНКЦИИ Runtime Visual Basic Editor Access
04.04.2019 17:55:40 FIX НАРУШЕНИЕ ЗАЩИТЫ: ИНЖЕНЕР доступ к  ПРИКЛАДНОЙ ФУНКЦИИ Runtime Visual Basic Editor Access
04.04.2019 17:55:40 FIX НАРУШЕНИЕ ЗАЩИТЫ: ИНЖЕНЕР доступ к  ПРИКЛАДНОЙ ФУНКЦИИ Runtime Visual Basic Editor Access
04.04.2019 17:55:41 FIX НАРУШЕНИЕ ЗАЩИТЫ: ИНЖЕНЕР доступ к  ПРИКЛАДНОЙ ФУНКЦИИ Runtime Visual Basic Editor Access
04.04.2019 17:55:41 FIX НАРУШЕНИЕ ЗАЩИТЫ: ИНЖЕНЕР доступ к  ПРИКЛАДНОЙ ФУНКЦИИ Runtime Visual Basic Editor Access
04.04.2019 17:55:42 FIX НАРУШЕНИЕ ЗАЩИТЫ: ИНЖЕНЕР доступ к  ПРИКЛАДНОЙ ФУНКЦИИ Runtime Visual Basic Editor Access
04.04.2019 17:55:42 FIX НАРУШЕНИЕ ЗАЩИТЫ: ИНЖЕНЕР доступ к  ПРИКЛАДНОЙ ФУНКЦИИ Runtime Visual Basic Editor Access
04.04.2019 17:55:43 FIX НАРУШЕНИЕ ЗАЩИТЫ: ИНЖЕНЕР доступ к  ПРИКЛАДНОЙ ФУНКЦИИ Runtime Visual Basic Editor Access
04.04.2019 17:55:43 FIX НАРУШЕНИЕ ЗАЩИТЫ: ИНЖЕНЕР доступ к  ПРИКЛАДНОЙ ФУНКЦИИ Runtime Visual Basic Editor Access
04.04.2019 17:55:43 FIX НАРУШЕНИЕ ЗАЩИТЫ: ИНЖЕНЕР доступ к  ПРИКЛАДНОЙ ФУНКЦИИ Runtime Visual Basic Editor Access
04.04.2019 17:55:43 FIX НАРУШЕНИЕ ЗАЩИТЫ: ИНЖЕНЕР доступ к  ПРИКЛАДНОЙ ФУНКЦИИ Runtime Visual Basic Editor Access
04.04.2019 17:55:53 FIX ПРОЧИЕ вошел как Прикладной пользователь
04.04.2019 17:55:54 FIX АДМИНИСТРАТОР вошел как Прикладной пользователь
04.04.2019 17:58:25 FIX ИНЖЕНЕР вошел как Прикладной пользователь
04.04.2019 17:59:41 FIX НАРУШЕНИЕ ЗАЩИТЫ: ИНЖЕНЕР доступ к  ПРИКЛАДНОЙ ФУНКЦИИ WorkSpace Configure
04.04.2019 17:59:56 FIX ПРОЧИЕ вошел как Прикладной пользователь
04.04.2019 17:59:57 FIX АДМИНИСТРАТОР вошел как Прикладной пользователь
04.04.2019 18:01:29 FIX ИНЖЕНЕР вошел как Прикладной пользователь
04.04.2019 18:01:54 FIX НАРУШЕНИЕ ЗАЩИТЫ: ИНЖЕНЕР доступ к  ПРИКЛАДНОЙ ФУНКЦИИ WorkSpace Configure
04.04.2019 18:02:12 FIX ПРОЧИЕ вошел как Прикладной пользователь
04.04.2019 18:02:12 FIX АДМИНИСТРАТОР вошел как Прикладной пользователь
04.04.2019 18:07:43 FIX ИНЖЕНЕР вошел как Прикладной пользователь
04.04.2019 18:09:21 FIX ПРОЧИЕ вошел как Прикладной пользователь
04.04.2019 18:09:21 FIX АДМИНИСТРАТОР вошел как Прикладной пользователь
04.04.2019 18:19:34 FIX ИНЖЕНЕР вошел как Прикладной пользователь
04.04.2019 18:19:36 FIX НАРУШЕНИЕ ЗАЩИТЫ: ИНЖЕНЕР доступ к  ПРИКЛАДНОЙ ФУНКЦИИ Runtime Visual Basic Editor Access
04.04.2019 18:19:36 FIX НАРУШЕНИЕ ЗАЩИТЫ: ИНЖЕНЕР доступ к  ПРИКЛАДНОЙ ФУНКЦИИ Runtime Visual Basic Editor Access
04.04.2019 18:19:46 FIX НАРУШЕНИЕ ЗАЩИТЫ: ИНЖЕНЕР доступ к  ПРИКЛАДНОЙ ФУНКЦИИ Runtime Visual Basic Editor Access
04.04.2019 18:19:46 FIX НАРУШЕНИЕ ЗАЩИТЫ: ИНЖЕНЕР доступ к  ПРИКЛАДНОЙ ФУНКЦИИ Runtime Visual Basic Editor Access
04.04.2019 18:19:51 FIX НАРУШЕНИЕ ЗАЩИТЫ: ИНЖЕНЕР доступ к  ПРИКЛАДНОЙ ФУНКЦИИ Runtime Visual Basic Editor Access
04.04.2019 18:19:51 FIX НАРУШЕНИЕ ЗАЩИТЫ: ИНЖЕНЕР доступ к  ПРИКЛАДНОЙ ФУНКЦИИ Runtime Visual Basic Editor Access
04.04.2019 18:19:55 FIX НАРУШЕНИЕ ЗАЩИТЫ: ИНЖЕНЕР доступ к  ПРИКЛАДНОЙ ФУНКЦИИ Runtime Visual Basic Editor Access
04.04.2019 18:19:55 FIX НАРУШЕНИЕ ЗАЩИТЫ: ИНЖЕНЕР доступ к  ПРИКЛАДНОЙ ФУНКЦИИ Runtime Visual Basic Editor Access
04.04.2019 18:20:12 FIX ПРОЧИЕ вошел как Прикладной пользователь
04.04.2019 18:20:13 FIX АДМИНИСТРАТОР вошел как Прикладной пользователь
04.04.2019 18:21:10 FIX ИНЖЕНЕР вошел как Прикладной пользователь
04.04.2019 18:21:11 FIX НАРУШЕНИЕ ЗАЩИТЫ: ИНЖЕНЕР доступ к  ПРИКЛАДНОЙ ФУНКЦИИ Runtime Visual Basic Editor Access
04.04.2019 18:21:11 FIX НАРУШЕНИЕ ЗАЩИТЫ: ИНЖЕНЕР доступ к  ПРИКЛАДНОЙ ФУНКЦИИ Runtime Visual Basic Editor Access
04.04.2019 18:21:19 FIX НАРУШЕНИЕ ЗАЩИТЫ: ИНЖЕНЕР доступ к  ПРИКЛАДНОЙ ФУНКЦИИ Runtime Visual Basic Editor Access
04.04.2019 18:21:19 FIX НАРУШЕНИЕ ЗАЩИТЫ: ИНЖЕНЕР доступ к  ПРИКЛАДНОЙ ФУНКЦИИ Runtime Visual Basic Editor Access
04.04.2019 18:21:21 FIX НАРУШЕНИЕ ЗАЩИТЫ: ИНЖЕНЕР доступ к  ПРИКЛАДНОЙ ФУНКЦИИ Runtime Visual Basic Editor Access
04.04.2019 18:21:21 FIX НАРУШЕНИЕ ЗАЩИТЫ: ИНЖЕНЕР доступ к  ПРИКЛАДНОЙ ФУНКЦИИ Runtime Visual Basic Editor Access
04.04.2019 18:21:28 FIX НАРУШЕНИЕ ЗАЩИТЫ: ИНЖЕНЕР доступ к  ПРИКЛАДНОЙ ФУНКЦИИ Runtime Visual Basic Editor Access
04.04.2019 18:21:28 FIX НАРУШЕНИЕ ЗАЩИТЫ: ИНЖЕНЕР доступ к  ПРИКЛАДНОЙ ФУНКЦИИ Runtime Visual Basic Editor Access
04.04.2019 18:21:34 FIX НАРУШЕНИЕ ЗАЩИТЫ: ИНЖЕНЕР доступ к  ПРИКЛАДНОЙ ФУНКЦИИ Runtime Visual Basic Editor Access
04.04.2019 18:21:34 FIX НАРУШЕНИЕ ЗАЩИТЫ: ИНЖЕНЕР доступ к  ПРИКЛАДНОЙ ФУНКЦИИ Runtime Visual Basic Editor Access
04.04.2019 18:21:35 FIX НАРУШЕНИЕ ЗАЩИТЫ: ИНЖЕНЕР доступ к  ПРИКЛАДНОЙ ФУНКЦИИ Runtime Visual Basic Editor Access
04.04.2019 18:21:35 FIX НАРУШЕНИЕ ЗАЩИТЫ: ИНЖЕНЕР доступ к  ПРИКЛАДНОЙ ФУНКЦИИ Runtime Visual Basic Editor Access
04.04.2019 18:21:38 FIX НАРУШЕНИЕ ЗАЩИТЫ: ИНЖЕНЕР доступ к  ПРИКЛАДНОЙ ФУНКЦИИ Runtime Visual Basic Editor Access
04.04.2019 18:21:38 FIX НАРУШЕНИЕ ЗАЩИТЫ: ИНЖЕНЕР доступ к  ПРИКЛАДНОЙ ФУНКЦИИ Runtime Visual Basic Editor Access
04.04.2019 18:21:45 FIX НАРУШЕНИЕ ЗАЩИТЫ: ИНЖЕНЕР доступ к  ПРИКЛАДНОЙ ФУНКЦИИ Runtime Visual Basic Editor Access
04.04.2019 18:21:45 FIX НАРУШЕНИЕ ЗАЩИТЫ: ИНЖЕНЕР доступ к  ПРИКЛАДНОЙ ФУНКЦИИ Runtime Visual Basic Editor Access
04.04.2019 18:21:49 FIX НАРУШЕНИЕ ЗАЩИТЫ: ИНЖЕНЕР доступ к  ПРИКЛАДНОЙ ФУНКЦИИ Runtime Visual Basic Editor Access
04.04.2019 18:21:49 FIX НАРУШЕНИЕ ЗАЩИТЫ: ИНЖЕНЕР доступ к  ПРИКЛАДНОЙ ФУНКЦИИ Runtime Visual Basic Editor Access
04.04.2019 18:21:51 FIX НАРУШЕНИЕ ЗАЩИТЫ: ИНЖЕНЕР доступ к  ПРИКЛАДНОЙ ФУНКЦИИ Runtime Visual Basic Editor Access
04.04.2019 18:21:51 FIX НАРУШЕНИЕ ЗАЩИТЫ: ИНЖЕНЕР доступ к  ПРИКЛАДНОЙ ФУНКЦИИ Runtime Visual Basic Editor Access
04.04.2019 18:21:54 FIX НАРУШЕНИЕ ЗАЩИТЫ: ИНЖЕНЕР доступ к  ПРИКЛАДНОЙ ФУНКЦИИ WorkSpace Configure
04.04.2019 18:22:02 FIX ПРОЧИЕ вошел как Прикладной пользователь
04.04.2019 18:22:03 FIX АДМИНИСТРАТОР вошел как Прикладной пользователь
04.04.2019 18:30:22 FIX ИНЖЕНЕР вошел как Прикладной пользователь
04.04.2019 18:31:00 FIX НАРУШЕНИЕ ЗАЩИТЫ: ИНЖЕНЕР доступ к  ПРИКЛАДНОЙ ФУНКЦИИ WorkSpace Configure
04.04.2019 18:31:04 FIX НАРУШЕНИЕ ЗАЩИТЫ: ИНЖЕНЕР доступ к  ПРИКЛАДНОЙ ФУНКЦИИ WorkSpace Configure
04.04.2019 18:31:13 FIX ПРОЧИЕ вошел как Прикладной пользователь
04.04.2019 18:31:14 FIX АДМИНИСТРАТОР вошел как Прикладной пользователь
04.04.2019 18:32:09 FIX АДМИНИСТРАТОР вошел как Прикладной пользователь
04.04.2019 18:39:06 FIX ИНЖЕНЕР вошел как Прикладной пользователь
04.04.2019 18:39:10 FIX НАРУШЕНИЕ ЗАЩИТЫ: ИНЖЕНЕР доступ к  ПРИКЛАДНОЙ ФУНКЦИИ Runtime Visual Basic Editor Access
04.04.2019 18:39:10 FIX НАРУШЕНИЕ ЗАЩИТЫ: ИНЖЕНЕР доступ к  ПРИКЛАДНОЙ ФУНКЦИИ Runtime Visual Basic Editor Access
04.04.2019 18:39:11 FIX НАРУШЕНИЕ ЗАЩИТЫ: ИНЖЕНЕР доступ к  ПРИКЛАДНОЙ ФУНКЦИИ Runtime Visual Basic Editor Access
04.04.2019 18:39:11 FIX НАРУШЕНИЕ ЗАЩИТЫ: ИНЖЕНЕР доступ к  ПРИКЛАДНОЙ ФУНКЦИИ Runtime Visual Basic Editor Access
04.04.2019 18:39:14 FIX НАРУШЕНИЕ ЗАЩИТЫ: ИНЖЕНЕР доступ к  ПРИКЛАДНОЙ ФУНКЦИИ Runtime Visual Basic Editor Access
04.04.2019 18:39:14 FIX НАРУШЕНИЕ ЗАЩИТЫ: ИНЖЕНЕР доступ к  ПРИКЛАДНОЙ ФУНКЦИИ Runtime Visual Basic Editor Access
04.04.2019 18:39:14 FIX НАРУШЕНИЕ ЗАЩИТЫ: ИНЖЕНЕР доступ к  ПРИКЛАДНОЙ ФУНКЦИИ Runtime Visual Basic Editor Access
04.04.2019 18:39:14 FIX НАРУШЕНИЕ ЗАЩИТЫ: ИНЖЕНЕР доступ к  ПРИКЛАДНОЙ ФУНКЦИИ Runtime Visual Basic Editor Access
04.04.2019 18:39:15 FIX НАРУШЕНИЕ ЗАЩИТЫ: ИНЖЕНЕР доступ к  ПРИКЛАДНОЙ ФУНКЦИИ Runtime Visual Basic Editor Access
04.04.2019 18:39:15 FIX НАРУШЕНИЕ ЗАЩИТЫ: ИНЖЕНЕР доступ к  ПРИКЛАДНОЙ ФУНКЦИИ Runtime Visual Basic Editor Access
04.04.2019 18:39:16 FIX НАРУШЕНИЕ ЗАЩИТЫ: ИНЖЕНЕР доступ к  ПРИКЛАДНОЙ ФУНКЦИИ Runtime Visual Basic Editor Access
04.04.2019 18:39:16 FIX НАРУШЕНИЕ ЗАЩИТЫ: ИНЖЕНЕР доступ к  ПРИКЛАДНОЙ ФУНКЦИИ Runtime Visual Basic Editor Access
04.04.2019 18:39:18 FIX НАРУШЕНИЕ ЗАЩИТЫ: ИНЖЕНЕР доступ к  ПРИКЛАДНОЙ ФУНКЦИИ Runtime Visual Basic Editor Access
04.04.2019 18:39:18 FIX НАРУШЕНИЕ ЗАЩИТЫ: ИНЖЕНЕР доступ к  ПРИКЛАДНОЙ ФУНКЦИИ Runtime Visual Basic Editor Access
04.04.2019 18:39:19 FIX НАРУШЕНИЕ ЗАЩИТЫ: ИНЖЕНЕР доступ к  ПРИКЛАДНОЙ ФУНКЦИИ WorkSpace Configure
04.04.2019 18:39:28 FIX ПРОЧИЕ вошел как Прикладной пользователь
04.04.2019 18:39:28 FIX АДМИНИСТРАТОР вошел как Прикладной пользователь
04.04.2019 18:50:12 FIX ИНЖЕНЕР вошел как Прикладной пользователь
04.04.2019 18:50:18 FIX НАРУШЕНИЕ ЗАЩИТЫ: ИНЖЕНЕР доступ к  ПРИКЛАДНОЙ ФУНКЦИИ Runtime Visual Basic Editor Access
04.04.2019 18:50:18 FIX НАРУШЕНИЕ ЗАЩИТЫ: ИНЖЕНЕР доступ к  ПРИКЛАДНОЙ ФУНКЦИИ Runtime Visual Basic Editor Access
04.04.2019 18:50:20 FIX НАРУШЕНИЕ ЗАЩИТЫ: ИНЖЕНЕР доступ к  ПРИКЛАДНОЙ ФУНКЦИИ Runtime Visual Basic Editor Access
04.04.2019 18:50:20 FIX НАРУШЕНИЕ ЗАЩИТЫ: ИНЖЕНЕР доступ к  ПРИКЛАДНОЙ ФУНКЦИИ Runtime Visual Basic Editor Access
04.04.2019 18:50:20 FIX НАРУШЕНИЕ ЗАЩИТЫ: ИНЖЕНЕР доступ к  ПРИКЛАДНОЙ ФУНКЦИИ Runtime Visual Basic Editor Access
04.04.2019 18:50:20 FIX НАРУШЕНИЕ ЗАЩИТЫ: ИНЖЕНЕР доступ к  ПРИКЛАДНОЙ ФУНКЦИИ Runtime Visual Basic Editor Access
04.04.2019 18:50:29 FIX ПРОЧИЕ вошел как Прикладной пользователь
04.04.2019 18:50:29 FIX АДМИНИСТРАТОР вошел как Прикладной пользователь
04.04.2019 18:51:58 FIX ИНЖЕНЕР вошел как Прикладной пользователь
04.04.2019 18:52:32 FIX ПРОЧИЕ вошел как Прикладной пользователь
04.04.2019 18:52:32 FIX АДМИНИСТРАТОР вошел как Прикладной пользователь
04.04.2019 18:53:36 FIX ИНЖЕНЕР вошел как Прикладной пользователь
04.04.2019 18:54:04 FIX ПРОЧИЕ вошел как Прикладной пользователь
04.04.2019 18:54:04 FIX АДМИНИСТРАТОР вошел как Прикладной пользователь
04.04.2019 18:54:26 FIX ИНЖЕНЕР вошел как Прикладной пользователь
04.04.2019 18:55:58 FIX НАРУШЕНИЕ ЗАЩИТЫ: ИНЖЕНЕР доступ к  ПРИКЛАДНОЙ ФУНКЦИИ WorkSpace Configure
04.04.2019 18:56:19 FIX НАРУШЕНИЕ ЗАЩИТЫ: ИНЖЕНЕР доступ к  ПРИКЛАДНОЙ ФУНКЦИИ WorkSpace Configure
04.04.2019 18:56:28 FIX ПРОЧИЕ вошел как Прикладной пользователь
04.04.2019 18:56:29 FIX АДМИНИСТРАТОР вошел как Прикладной пользователь
04.04.2019 19:02:18 FIX ИНЖЕНЕР вошел как Прикладной пользователь
04.04.2019 19:02:59 FIX НАРУШЕНИЕ ЗАЩИТЫ: ИНЖЕНЕР доступ к  ПРИКЛАДНОЙ ФУНКЦИИ WorkSpace Configure
04.04.2019 19:03:12 FIX ПРОЧИЕ вошел как Прикладной пользователь
04.04.2019 19:03:13 FIX АДМИНИСТРАТОР вошел как Прикладной пользователь
04.04.2019 19:07:33 FIX ИНЖЕНЕР вошел как Прикладной пользователь
04.04.2019 19:07:41 FIX НАРУШЕНИЕ ЗАЩИТЫ: ИНЖЕНЕР доступ к  ПРИКЛАДНОЙ ФУНКЦИИ WorkSpace Configure
04.04.2019 19:07:51 FIX НАРУШЕНИЕ ЗАЩИТЫ: ИНЖЕНЕР доступ к  ПРИКЛАДНОЙ ФУНКЦИИ WorkSpace Configure
04.04.2019 19:08:01 FIX ПРОЧИЕ вошел как Прикладной пользователь
04.04.2019 19:08:01 FIX АДМИНИСТРАТОР вошел как Прикладной пользователь
04.04.2019 19:13:03 FIX ИНЖЕНЕР вошел как Прикладной пользователь
04.04.2019 19:13:48 FIX ПРОЧИЕ вошел как Прикладной пользователь
04.04.2019 19:13:48 FIX АДМИНИСТРАТОР вошел как Прикладной пользователь
04.04.2019 19:17:57 FIX ИНЖЕНЕР вошел как Прикладной пользователь
04.04.2019 19:18:26 FIX НАРУШЕНИЕ ЗАЩИТЫ: ИНЖЕНЕР доступ к  ПРИКЛАДНОЙ ФУНКЦИИ WorkSpace Configure
04.04.2019 19:18:56 FIX ПРОЧИЕ вошел как Прикладной пользователь
04.04.2019 19:18:56 FIX АДМИНИСТРАТОР вошел как Прикладной пользователь
04.04.2019 19:21:50 FIX ИНЖЕНЕР вошел как Прикладной пользователь
04.04.2019 19:22:59 FIX ПРОЧИЕ вошел как Прикладной пользователь
04.04.2019 19:22:59 FIX АДМИНИСТРАТОР вошел как Прикладной пользователь
04.04.2019 19:27:11 FIX ИНЖЕНЕР вошел как Прикладной пользователь
04.04.2019 19:27:43 FIX НАРУШЕНИЕ ЗАЩИТЫ: ИНЖЕНЕР доступ к  ПРИКЛАДНОЙ ФУНКЦИИ WorkSpace Configure
04.04.2019 19:27:56 FIX НАРУШЕНИЕ ЗАЩИТЫ: ИНЖЕНЕР доступ к  ПРИКЛАДНОЙ ФУНКЦИИ WorkSpace Configure
04.04.2019 19:27:58 FIX НАРУШЕНИЕ ЗАЩИТЫ: ИНЖЕНЕР доступ к  ПРИКЛАДНОЙ ФУНКЦИИ WorkSpace Configure
04.04.2019 19:28:13 FIX ПРОЧИЕ вошел как Прикладной пользователь
04.04.2019 19:28:13 FIX АДМИНИСТРАТОР вошел как Прикладной пользователь
04.04.2019 19:32:16 FIX ИНЖЕНЕР вошел как Прикладной пользователь
04.04.2019 19:32:44 FIX ПРОЧИЕ вошел как Прикладной пользователь
04.04.2019 19:32:45 FIX АДМИНИСТРАТОР вошел как Прикладной пользователь
04.04.2019 19:38:18 FIX ИНЖЕНЕР вошел как Прикладной пользователь
04.04.2019 19:38:24 FIX НАРУШЕНИЕ ЗАЩИТЫ: ИНЖЕНЕР доступ к  ПРИКЛАДНОЙ ФУНКЦИИ Runtime Visual Basic Editor Access
04.04.2019 19:38:24 FIX НАРУШЕНИЕ ЗАЩИТЫ: ИНЖЕНЕР доступ к  ПРИКЛАДНОЙ ФУНКЦИИ Runtime Visual Basic Editor Access
04.04.2019 19:38:29 FIX НАРУШЕНИЕ ЗАЩИТЫ: ИНЖЕНЕР доступ к  ПРИКЛАДНОЙ ФУНКЦИИ Runtime Visual Basic Editor Access
04.04.2019 19:38:29 FIX НАРУШЕНИЕ ЗАЩИТЫ: ИНЖЕНЕР доступ к  ПРИКЛАДНОЙ ФУНКЦИИ Runtime Visual Basic Editor Access
04.04.2019 19:38:38 FIX НАРУШЕНИЕ ЗАЩИТЫ: ИНЖЕНЕР доступ к  ПРИКЛАДНОЙ ФУНКЦИИ Runtime Visual Basic Editor Access
04.04.2019 19:38:38 FIX НАРУШЕНИЕ ЗАЩИТЫ: ИНЖЕНЕР доступ к  ПРИКЛАДНОЙ ФУНКЦИИ Runtime Visual Basic Editor Access
04.04.2019 19:38:49 FIX НАРУШЕНИЕ ЗАЩИТЫ: ИНЖЕНЕР доступ к  ПРИКЛАДНОЙ ФУНКЦИИ Runtime Visual Basic Editor Access
04.04.2019 19:38:49 FIX НАРУШЕНИЕ ЗАЩИТЫ: ИНЖЕНЕР доступ к  ПРИКЛАДНОЙ ФУНКЦИИ Runtime Visual Basic Editor Access
04.04.2019 19:38:56 FIX НАРУШЕНИЕ ЗАЩИТЫ: ИНЖЕНЕР доступ к  ПРИКЛАДНОЙ ФУНКЦИИ Runtime Visual Basic Editor Access
04.04.2019 19:38:56 FIX НАРУШЕНИЕ ЗАЩИТЫ: ИНЖЕНЕР доступ к  ПРИКЛАДНОЙ ФУНКЦИИ Runtime Visual Basic Editor Access
04.04.2019 19:38:59 FIX НАРУШЕНИЕ ЗАЩИТЫ: ИНЖЕНЕР доступ к  ПРИКЛАДНОЙ ФУНКЦИИ Runtime Visual Basic Editor Access
04.04.2019 19:38:59 FIX НАРУШЕНИЕ ЗАЩИТЫ: ИНЖЕНЕР доступ к  ПРИКЛАДНОЙ ФУНКЦИИ Runtime Visual Basic Editor Access
04.04.2019 19:39:11 FIX ПРОЧИЕ вошел как Прикладной пользователь
04.04.2019 19:39:11 FIX АДМИНИСТРАТОР вошел как Прикладной пользователь
04.04.2019 19:47:13 FIX ИНЖЕНЕР вошел как Прикладной пользователь
04.04.2019 19:47:16 FIX НАРУШЕНИЕ ЗАЩИТЫ: ИНЖЕНЕР доступ к  ПРИКЛАДНОЙ ФУНКЦИИ Runtime Visual Basic Editor Access
04.04.2019 19:47:16 FIX НАРУШЕНИЕ ЗАЩИТЫ: ИНЖЕНЕР доступ к  ПРИКЛАДНОЙ ФУНКЦИИ Runtime Visual Basic Editor Access
04.04.2019 19:47:17 FIX НАРУШЕНИЕ ЗАЩИТЫ: ИНЖЕНЕР доступ к  ПРИКЛАДНОЙ ФУНКЦИИ Runtime Visual Basic Editor Access
04.04.2019 19:47:17 FIX НАРУШЕНИЕ ЗАЩИТЫ: ИНЖЕНЕР доступ к  ПРИКЛАДНОЙ ФУНКЦИИ Runtime Visual Basic Editor Access
04.04.2019 19:47:20 FIX НАРУШЕНИЕ ЗАЩИТЫ: ИНЖЕНЕР доступ к  ПРИКЛАДНОЙ ФУНКЦИИ Runtime Visual Basic Editor Access
04.04.2019 19:47:20 FIX НАРУШЕНИЕ ЗАЩИТЫ: ИНЖЕНЕР доступ к  ПРИКЛАДНОЙ ФУНКЦИИ Runtime Visual Basic Editor Access
04.04.2019 19:47:23 FIX НАРУШЕНИЕ ЗАЩИТЫ: ИНЖЕНЕР доступ к  ПРИКЛАДНОЙ ФУНКЦИИ Runtime Visual Basic Editor Access
04.04.2019 19:47:23 FIX НАРУШЕНИЕ ЗАЩИТЫ: ИНЖЕНЕР доступ к  ПРИКЛАДНОЙ ФУНКЦИИ Runtime Visual Basic Editor Access
04.04.2019 19:47:31 FIX ПРОЧИЕ вошел как Прикладной пользователь
04.04.2019 19:47:32 FIX АДМИНИСТРАТОР вошел как Прикладной пользователь
04.04.2019 19:58:03 FIX ИНЖЕНЕР вошел как Прикладной пользователь
04.04.2019 19:58:05 FIX НАРУШЕНИЕ ЗАЩИТЫ: ИНЖЕНЕР доступ к  ПРИКЛАДНОЙ ФУНКЦИИ Runtime Visual Basic Editor Access
04.04.2019 19:58:05 FIX НАРУШЕНИЕ ЗАЩИТЫ: ИНЖЕНЕР доступ к  ПРИКЛАДНОЙ ФУНКЦИИ Runtime Visual Basic Editor Access
04.04.2019 19:58:09 FIX НАРУШЕНИЕ ЗАЩИТЫ: ИНЖЕНЕР доступ к  ПРИКЛАДНОЙ ФУНКЦИИ Runtime Visual Basic Editor Access
04.04.2019 19:58:09 FIX НАРУШЕНИЕ ЗАЩИТЫ: ИНЖЕНЕР доступ к  ПРИКЛАДНОЙ ФУНКЦИИ Runtime Visual Basic Editor Access
04.04.2019 19:58:15 FIX НАРУШЕНИЕ ЗАЩИТЫ: ИНЖЕНЕР доступ к  ПРИКЛАДНОЙ ФУНКЦИИ Runtime Visual Basic Editor Access
04.04.2019 19:58:15 FIX НАРУШЕНИЕ ЗАЩИТЫ: ИНЖЕНЕР доступ к  ПРИКЛАДНОЙ ФУНКЦИИ Runtime Visual Basic Editor Access
04.04.2019 19:58:18 FIX НАРУШЕНИЕ ЗАЩИТЫ: ИНЖЕНЕР доступ к  ПРИКЛАДНОЙ ФУНКЦИИ Runtime Visual Basic Editor Access
04.04.2019 19:58:18 FIX НАРУШЕНИЕ ЗАЩИТЫ: ИНЖЕНЕР доступ к  ПРИКЛАДНОЙ ФУНКЦИИ Runtime Visual Basic Editor Access
04.04.2019 19:58:20 FIX НАРУШЕНИЕ ЗАЩИТЫ: ИНЖЕНЕР доступ к  ПРИКЛАДНОЙ ФУНКЦИИ Runtime Visual Basic Editor Access
04.04.2019 19:58:20 FIX НАРУШЕНИЕ ЗАЩИТЫ: ИНЖЕНЕР доступ к  ПРИКЛАДНОЙ ФУНКЦИИ Runtime Visual Basic Editor Access
04.04.2019 19:58:24 FIX НАРУШЕНИЕ ЗАЩИТЫ: ИНЖЕНЕР доступ к  ПРИКЛАДНОЙ ФУНКЦИИ Runtime Visual Basic Editor Access
04.04.2019 19:58:24 FIX НАРУШЕНИЕ ЗАЩИТЫ: ИНЖЕНЕР доступ к  ПРИКЛАДНОЙ ФУНКЦИИ Runtime Visual Basic Editor Access
04.04.2019 19:58:31 FIX НАРУШЕНИЕ ЗАЩИТЫ: ИНЖЕНЕР доступ к  ПРИКЛАДНОЙ ФУНКЦИИ Runtime Visual Basic Editor Access
04.04.2019 19:58:31 FIX НАРУШЕНИЕ ЗАЩИТЫ: ИНЖЕНЕР доступ к  ПРИКЛАДНОЙ ФУНКЦИИ Runtime Visual Basic Editor Access
04.04.2019 19:58:42 FIX НАРУШЕНИЕ ЗАЩИТЫ: ИНЖЕНЕР доступ к  ПРИКЛАДНОЙ ФУНКЦИИ Runtime Visual Basic Editor Access
04.04.2019 19:58:42 FIX НАРУШЕНИЕ ЗАЩИТЫ: ИНЖЕНЕР доступ к  ПРИКЛАДНОЙ ФУНКЦИИ Runtime Visual Basic Editor Access
04.04.2019 19:58:47 FIX НАРУШЕНИЕ ЗАЩИТЫ: ИНЖЕНЕР доступ к  ПРИКЛАДНОЙ ФУНКЦИИ Runtime Visual Basic Editor Access
04.04.2019 19:58:47 FIX НАРУШЕНИЕ ЗАЩИТЫ: ИНЖЕНЕР доступ к  ПРИКЛАДНОЙ ФУНКЦИИ Runtime Visual Basic Editor Access
04.04.2019 19:58:53 FIX НАРУШЕНИЕ ЗАЩИТЫ: ИНЖЕНЕР доступ к  ПРИКЛАДНОЙ ФУНКЦИИ Runtime Visual Basic Editor Access
04.04.2019 19:58:53 FIX НАРУШЕНИЕ ЗАЩИТЫ: ИНЖЕНЕР доступ к  ПРИКЛАДНОЙ ФУНКЦИИ Runtime Visual Basic Editor Access
04.04.2019 19:59:14 FIX ПРОЧИЕ вошел как Прикладной пользователь
04.04.2019 19:59:14 FIX АДМИНИСТРАТОР вошел как Прикладной пользователь
