15.05.2019 10:13:42 FIX SECURITY VIOLATION: ÏÐÎ×ÈÅ access to APPLICATION FEATURE Runtime Visual Basic Editor Access
15.05.2019 10:13:42 FIX SECURITY VIOLATION: ÏÐÎ×ÈÅ access to APPLICATION FEATURE Runtime Visual Basic Editor Access
15.05.2019 10:13:42 FIX SECURITY VIOLATION: ÏÐÎ×ÈÅ access to APPLICATION FEATURE Runtime Visual Basic Editor Access
15.05.2019 10:13:42 FIX SECURITY VIOLATION: ÏÐÎ×ÈÅ access to APPLICATION FEATURE Runtime Visual Basic Editor Access
15.05.2019 10:20:02 FIX SECURITY VIOLATION: ÏÐÎ×ÈÅ access to APPLICATION FEATURE WorkSpace Configure
15.05.2019 10:20:04 FIX SECURITY VIOLATION: ÏÐÎ×ÈÅ access to APPLICATION FEATURE WorkSpace Configure
15.05.2019 10:20:05 FIX SECURITY VIOLATION: ÏÐÎ×ÈÅ access to APPLICATION FEATURE WorkSpace Configure
15.05.2019 10:20:34 FIX SECURITY VIOLATION: ÏÐÎ×ÈÅ access to APPLICATION FEATURE WorkSpace Configure
15.05.2019 10:20:34 FIX SECURITY VIOLATION: ÏÐÎ×ÈÅ access to APPLICATION FEATURE WorkSpace Configure
15.05.2019 10:20:34 FIX SECURITY VIOLATION: ÏÐÎ×ÈÅ access to APPLICATION FEATURE WorkSpace Configure
15.05.2019 10:20:35 FIX SECURITY VIOLATION: ÏÐÎ×ÈÅ access to APPLICATION FEATURE WorkSpace Configure
15.05.2019 10:20:37 FIX SECURITY VIOLATION: ÏÐÎ×ÈÅ access to APPLICATION FEATURE WorkSpace Configure
15.05.2019 10:20:38 FIX SECURITY VIOLATION: ÏÐÎ×ÈÅ access to APPLICATION FEATURE WorkSpace Configure
15.05.2019 10:20:38 FIX SECURITY VIOLATION: ÏÐÎ×ÈÅ access to APPLICATION FEATURE WorkSpace Configure
15.05.2019 10:20:39 FIX SECURITY VIOLATION: ÏÐÎ×ÈÅ access to APPLICATION FEATURE WorkSpace Configure
15.05.2019 10:20:39 FIX SECURITY VIOLATION: ÏÐÎ×ÈÅ access to APPLICATION FEATURE WorkSpace Configure
15.05.2019 10:20:39 FIX SECURITY VIOLATION: ÏÐÎ×ÈÅ access to APPLICATION FEATURE WorkSpace Configure
15.05.2019 10:20:40 FIX SECURITY VIOLATION: ÏÐÎ×ÈÅ access to APPLICATION FEATURE WorkSpace Configure
15.05.2019 10:20:40 FIX SECURITY VIOLATION: ÏÐÎ×ÈÅ access to APPLICATION FEATURE WorkSpace Configure
15.05.2019 10:20:40 FIX SECURITY VIOLATION: ÏÐÎ×ÈÅ access to APPLICATION FEATURE WorkSpace Configure
15.05.2019 10:20:40 FIX SECURITY VIOLATION: ÏÐÎ×ÈÅ access to APPLICATION FEATURE WorkSpace Configure
15.05.2019 10:20:42 FIX SECURITY VIOLATION: ÏÐÎ×ÈÅ access to APPLICATION FEATURE WorkSpace Configure
15.05.2019 10:20:43 FIX SECURITY VIOLATION: ÏÐÎ×ÈÅ access to APPLICATION FEATURE WorkSpace Configure
15.05.2019 10:20:44 FIX SECURITY VIOLATION: ÏÐÎ×ÈÅ access to APPLICATION FEATURE WorkSpace Configure
15.05.2019 10:22:19 FIX ÏÐÎ×ÈÅ  logged out as Application User
15.05.2019 10:23:09 FIX SECURITY VIOLATION: ADMIN failed login attempt - Unknown user name or bad password.
15.05.2019 10:23:29 FIX SECURITY VIOLATION: ADMIN failed login attempt - Unknown user name or bad password.
15.05.2019 10:23:53 FIX SECURITY VIOLATION: ADMIN failed login attempt - Unknown user name or bad password.
15.05.2019 10:23:57 FIX SECURITY VIOLATION:  access to APPLICATION FEATURE WorkSpace Configure
15.05.2019 10:23:57 FIX SECURITY VIOLATION:  access to APPLICATION FEATURE WorkSpace Configure
15.05.2019 10:23:57 FIX SECURITY VIOLATION:  access to APPLICATION FEATURE WorkSpace Configure
15.05.2019 10:23:57 FIX SECURITY VIOLATION:  access to APPLICATION FEATURE WorkSpace Configure
15.05.2019 10:23:58 FIX SECURITY VIOLATION:  access to APPLICATION FEATURE WorkSpace Configure
15.05.2019 10:25:47 FIX SECURITY VIOLATION: ADMIN failed login attempt - Unknown user name or bad password.
15.05.2019 10:25:51 FIX SECURITY VIOLATION: ADMIN failed login attempt - Unknown user name or bad password.
15.05.2019 10:25:58 FIX SECURITY VIOLATION: ADMIN failed login attempt - Unknown user name or bad password.
15.05.2019 10:28:18 FIX ÀÄÌÈÍÈÑÒÐÀÒÎÐ  logged in as Application User
15.05.2019 12:45:54 FIX SECURITY VIOLATION: ÏÐÎ×ÈÅ access to APPLICATION FEATURE Runtime Visual Basic Editor Access
15.05.2019 12:45:54 FIX SECURITY VIOLATION: ÏÐÎ×ÈÅ access to APPLICATION FEATURE Runtime Visual Basic Editor Access
15.05.2019 12:45:54 FIX SECURITY VIOLATION: ÏÐÎ×ÈÅ access to APPLICATION FEATURE Runtime Visual Basic Editor Access
15.05.2019 12:45:54 FIX SECURITY VIOLATION: ÏÐÎ×ÈÅ access to APPLICATION FEATURE Runtime Visual Basic Editor Access
15.05.2019 12:46:03 FIX SECURITY VIOLATION: ÏÐÎ×ÈÅ access to APPLICATION FEATURE WorkSpace Configure
15.05.2019 12:46:27 FIX ÏÐÎ×ÈÅ  logged out as Application User
15.05.2019 12:46:47 FIX ÀÄÌÈÍÈÑÒÐÀÒÎÐ  logged in as Application User
15.05.2019 13:27:22 FIX SECURITY VIOLATION: ÏÐÎ×ÈÅ access to APPLICATION FEATURE Runtime Visual Basic Editor Access
15.05.2019 13:27:22 FIX SECURITY VIOLATION: ÏÐÎ×ÈÅ access to APPLICATION FEATURE Runtime Visual Basic Editor Access
15.05.2019 13:27:31 FIX SECURITY VIOLATION: ÏÐÎ×ÈÅ access to APPLICATION FEATURE WorkSpace Configure
15.05.2019 13:27:31 FIX SECURITY VIOLATION: ÏÐÎ×ÈÅ access to APPLICATION FEATURE WorkSpace Configure
15.05.2019 13:27:31 FIX SECURITY VIOLATION: ÏÐÎ×ÈÅ access to APPLICATION FEATURE WorkSpace Configure
15.05.2019 13:27:31 FIX SECURITY VIOLATION: ÏÐÎ×ÈÅ access to APPLICATION FEATURE WorkSpace Configure
15.05.2019 13:28:07 FIX ÏÐÎ×ÈÅ  logged out as Application User
15.05.2019 13:28:39 FIX ÀÄÌÈÍÈÑÒÐÀÒÎÐ  logged in as Application User
15.05.2019 13:39:24 FIX SECURITY VIOLATION: ÏÐÎ×ÈÅ access to APPLICATION FEATURE Runtime Visual Basic Editor Access
15.05.2019 13:39:24 FIX SECURITY VIOLATION: ÏÐÎ×ÈÅ access to APPLICATION FEATURE Runtime Visual Basic Editor Access
15.05.2019 13:39:31 FIX SECURITY VIOLATION: ÏÐÎ×ÈÅ access to APPLICATION FEATURE WorkSpace Configure
15.05.2019 13:39:31 FIX SECURITY VIOLATION: ÏÐÎ×ÈÅ access to APPLICATION FEATURE WorkSpace Configure
15.05.2019 13:40:13 FIX ÏÐÎ×ÈÅ  logged out as Application User
15.05.2019 13:40:27 FIX ÀÄÌÈÍÈÑÒÐÀÒÎÐ  logged in as Application User
